::1 - - [13/Jan/2020:11:59:05 +0000] "POST /signin HTTP/1.1" 401 34
::1 - - [13/Jan/2020:11:59:43 +0000] "POST /signin HTTP/1.1" 401 34 "-" "PostmanRuntime/7.21.0"
::1 - - [13/Jan/2020:11:59:59 +0000] "POST /signin HTTP/1.1" 401 34 "-" "PostmanRuntime/7.21.0"
::1 - - [13/Jan/2020:12:00:08 +0000] "POST /signin HTTP/1.1" 401 34 "-" "PostmanRuntime/7.21.0"
::1 - - [13/Jan/2020:13:29:39 +0000] "POST /signin HTTP/1.1" 401 34 "-" "PostmanRuntime/7.21.0"
::1 - - [13/Jan/2020:13:29:47 +0000] "POST /signin HTTP/1.1" 401 34 "-" "PostmanRuntime/7.21.0"
::1 - - [13/Jan/2020:17:39:25 +0000] "GET /favicon.ico HTTP/1.1" 404 150 "http://localhost:3000/" "Mozilla/5.0 (Windows NT 10.0; Win64; x64) AppleWebKit/537.36 (KHTML, like Gecko) Chrome/79.0.3945.117 Safari/537.36"
::1 - - [13/Jan/2020:17:40:17 +0000] "GET /users/1 HTTP/1.1" 404 146 "-" "Mozilla/5.0 (Windows NT 10.0; Win64; x64) AppleWebKit/537.36 (KHTML, like Gecko) Chrome/79.0.3945.117 Safari/537.36"
::1 - - [13/Jan/2020:17:40:22 +0000] "GET /users/2 HTTP/1.1" 404 146 "-" "Mozilla/5.0 (Windows NT 10.0; Win64; x64) AppleWebKit/537.36 (KHTML, like Gecko) Chrome/79.0.3945.117 Safari/537.36"
::1 - - [13/Jan/2020:17:40:28 +0000] "GET /user/2 HTTP/1.1" 500 184 "-" "Mozilla/5.0 (Windows NT 10.0; Win64; x64) AppleWebKit/537.36 (KHTML, like Gecko) Chrome/79.0.3945.117 Safari/537.36"
::1 - - [13/Jan/2020:17:40:37 +0000] "GET /user/2 HTTP/1.1" 500 184 "-" "Mozilla/5.0 (Windows NT 10.0; Win64; x64) AppleWebKit/537.36 (KHTML, like Gecko) Chrome/79.0.3945.117 Safari/537.36"
::1 - - [13/Jan/2020:17:43:35 +0000] "GET /user/5e0fb0435e40de3a5c2bee45 HTTP/1.1" 404 168 "-" "Mozilla/5.0 (Windows NT 10.0; Win64; x64) AppleWebKit/537.36 (KHTML, like Gecko) Chrome/79.0.3945.117 Safari/537.36"
::1 - - [14/Jan/2020:10:01:26 +0000] "GET /products HTTP/1.1" 404 147 "-" "PostmanRuntime/7.21.0"
::1 - - [14/Jan/2020:10:01:44 +0000] "GET /api/v1.0/products HTTP/1.1" 500 2175 "-" "PostmanRuntime/7.21.0"
::1 - - [14/Jan/2020:10:17:08 +0000] "GET /api/v1.0/products1 HTTP/1.1" 404 43 "-" "PostmanRuntime/7.21.0"
::1 - - [14/Jan/2020:10:17:56 +0000] "GET /products HTTP/1.1" 404 147 "http://localhost:3000/swagger/api-docs/" "Mozilla/5.0 (Windows NT 10.0; Win64; x64) AppleWebKit/537.36 (KHTML, like Gecko) Chrome/79.0.3945.117 Safari/537.36"
::1 - - [14/Jan/2020:10:19:37 +0000] "GET /api/v1.0/users/1 HTTP/1.1" 500 184 "-" "PostmanRuntime/7.21.0"
::1 - - [14/Jan/2020:10:22:33 +0000] "POST /api/v1.0/signin HTTP/1.1" 401 34 "-" "PostmanRuntime/7.21.0"
::1 - - [14/Jan/2020:10:22:37 +0000] "POST /api/v1.0/signin HTTP/1.1" 401 34 "-" "PostmanRuntime/7.21.0"
::1 - - [14/Jan/2020:10:22:46 +0000] "GET /users/ HTTP/1.1" 404 145 "-" "PostmanRuntime/7.21.0"
::1 - - [14/Jan/2020:10:23:14 +0000] "POST /api/v1.0/registration HTTP/1.1" 401 41 "-" "PostmanRuntime/7.21.0"
::1 - - [14/Jan/2020:10:24:14 +0000] "GET /api/v1.0/user/5d0b3b411435cd166484debb HTTP/1.1" 404 43 "-" "PostmanRuntime/7.21.0"
::1 - - [14/Jan/2020:10:24:57 +0000] "POST /api/v1.0/refresh-tokens HTTP/1.1" 400 36 "-" "PostmanRuntime/7.21.0"
::1 - - [14/Jan/2020:10:38:27 +0000] "POST /api/v1.0/registration HTTP/1.1" 401 41 "-" "PostmanRuntime/7.21.0"
::1 - - [14/Jan/2020:10:38:33 +0000] "POST /api/v1.0/registration HTTP/1.1" 401 41 "-" "PostmanRuntime/7.21.0"
::1 - - [15/Jan/2020:12:51:11 +0000] "GET / HTTP/1.1" 404 139 "-" "Mozilla/5.0 (Windows NT 10.0; Win64; x64) AppleWebKit/537.36 (KHTML, like Gecko) Chrome/79.0.3945.117 Safari/537.36"
::1 - - [15/Jan/2020:12:51:45 +0000] "GET /favicon.ico HTTP/1.1" 404 150 "http://localhost:3000/api/v1.0/" "Mozilla/5.0 (Windows NT 10.0; Win64; x64) AppleWebKit/537.36 (KHTML, like Gecko) Chrome/79.0.3945.117 Safari/537.36"
::1 - - [15/Jan/2020:12:51:48 +0000] "GET /api/v1.0/asd HTTP/1.1" 404 43 "-" "Mozilla/5.0 (Windows NT 10.0; Win64; x64) AppleWebKit/537.36 (KHTML, like Gecko) Chrome/79.0.3945.117 Safari/537.36"
::1 - - [15/Jan/2020:13:03:24 +0000] "GET /api/v1.0/ HTTP/1.1" 500 2247 "-" "PostmanRuntime/7.21.0"
::1 - - [15/Jan/2020:13:06:41 +0000] "GET /api/v1.0/ HTTP/1.1" 500 2117 "-" "PostmanRuntime/7.21.0"
::1 - - [15/Jan/2020:13:33:49 +0000] "GET /api/v1.0/ HTTP/1.1" 404 43 "-" "PostmanRuntime/7.21.0"
::1 - - [15/Jan/2020:13:33:52 +0000] "GET /api/v1.0/ HTTP/1.1" 404 43 "-" "PostmanRuntime/7.21.0"
::1 - - [15/Jan/2020:13:33:58 +0000] "GET /api/v1.0/products/1 HTTP/1.1" 404 43 "-" "PostmanRuntime/7.21.0"
::1 - - [15/Jan/2020:13:34:06 +0000] "GET /api/v1.0/products/1 HTTP/1.1" 404 43 "-" "PostmanRuntime/7.21.0"
::1 - - [15/Jan/2020:13:34:10 +0000] "GET /api/v1.0/products/2 HTTP/1.1" 404 43 "-" "PostmanRuntime/7.21.0"
::1 - - [15/Jan/2020:13:34:13 +0000] "GET /api/v1.0/products/3 HTTP/1.1" 404 43 "-" "PostmanRuntime/7.21.0"
::1 - - [15/Jan/2020:13:34:34 +0000] "GET /api/v1.0/ HTTP/1.1" 404 43 "-" "PostmanRuntime/7.21.0"
::1 - - [15/Jan/2020:13:36:05 +0000] "GET /api/v1.0/users/ HTTP/1.1" 404 43 "-" "PostmanRuntime/7.21.0"
::1 - - [15/Jan/2020:13:36:16 +0000] "GET /api/v1.0/users/ HTTP/1.1" 404 43 "-" "PostmanRuntime/7.21.0"
::1 - - [15/Jan/2020:13:36:18 +0000] "GET /api/v1.0/users/ HTTP/1.1" 404 43 "-" "PostmanRuntime/7.21.0"
::1 - - [15/Jan/2020:13:36:21 +0000] "GET /api/v1.0/users HTTP/1.1" 404 43 "-" "PostmanRuntime/7.21.0"
::1 - - [15/Jan/2020:13:37:26 +0000] "GET /api/v1.0/ HTTP/1.1" 404 43 "-" "PostmanRuntime/7.21.0"
::1 - - [15/Jan/2020:13:37:31 +0000] "GET /api/v1.0/users/ HTTP/1.1" 404 43 "-" "PostmanRuntime/7.21.0"
::1 - - [15/Jan/2020:13:37:33 +0000] "GET /api/v1.0/users/1 HTTP/1.1" 404 43 "-" "PostmanRuntime/7.21.0"
::1 - - [15/Jan/2020:13:37:58 +0000] "POST /api/v1.0/signin HTTP/1.1" 404 43 "-" "PostmanRuntime/7.21.0"
::1 - - [15/Jan/2020:13:38:18 +0000] "POST /api/v1.0/auth/registration HTTP/1.1" 401 41 "-" "PostmanRuntime/7.21.0"
::1 - - [15/Jan/2020:13:38:39 +0000] "GET /api/v1.0/users/1 HTTP/1.1" 500 184 "-" "PostmanRuntime/7.21.0"
::ffff:127.0.0.1 - - [17/Jan/2020:09:56:01 +0000] "GET / HTTP/1.1" 404 139 "-" "Mozilla/5.0 (Windows NT 10.0; Win64; x64) AppleWebKit/537.36 (KHTML, like Gecko) Chrome/79.0.3945.117 Safari/537.36"
::1 - - [17/Jan/2020:09:56:16 +0000] "GET /api-docs HTTP/1.1" 404 147 "-" "Mozilla/5.0 (Windows NT 10.0; Win64; x64) AppleWebKit/537.36 (KHTML, like Gecko) Chrome/79.0.3945.117 Safari/537.36"
::1 - - [17/Jan/2020:09:56:18 +0000] "GET /api HTTP/1.1" 404 142 "-" "Mozilla/5.0 (Windows NT 10.0; Win64; x64) AppleWebKit/537.36 (KHTML, like Gecko) Chrome/79.0.3945.117 Safari/537.36"
::1 - - [17/Jan/2020:09:56:22 +0000] "GET /api/v1.0/ HTTP/1.1" 404 43 "-" "Mozilla/5.0 (Windows NT 10.0; Win64; x64) AppleWebKit/537.36 (KHTML, like Gecko) Chrome/79.0.3945.117 Safari/537.36"
::1 - - [17/Jan/2020:09:56:22 +0000] "GET /favicon.ico HTTP/1.1" 404 150 "http://localhost:3000/api/v1.0/" "Mozilla/5.0 (Windows NT 10.0; Win64; x64) AppleWebKit/537.36 (KHTML, like Gecko) Chrome/79.0.3945.117 Safari/537.36"
::1 - - [17/Jan/2020:10:11:08 +0000] "GET /api/v1.0/users/5e0fb0435e40de3a5c2bee45/file HTTP/1.1" 500 2133 "-" "PostmanRuntime/7.22.0"
::1 - - [17/Jan/2020:10:12:09 +0000] "GET /api/v1.0/users/5e0fb0435e40de3a5c2bee45/file HTTP/1.1" 500 2133 "-" "Mozilla/5.0 (Windows NT 10.0; Win64; x64) AppleWebKit/537.36 (KHTML, like Gecko) Chrome/79.0.3945.117 Safari/537.36"
::1 - - [17/Jan/2020:10:12:47 +0000] "GET /api/v1.0/users/5e0fb0435e40de3a5c2bee45/file HTTP/1.1" 404 253 "-" "Mozilla/5.0 (Windows NT 10.0; Win64; x64) AppleWebKit/537.36 (KHTML, like Gecko) Chrome/79.0.3945.117 Safari/537.36"
::1 - - [17/Jan/2020:10:23:22 +0000] "GET /api/v1.0/users/5e0fb0435e40de3a5c2bee45/file HTTP/1.1" 404 237 "-" "Mozilla/5.0 (Windows NT 10.0; Win64; x64) AppleWebKit/537.36 (KHTML, like Gecko) Chrome/79.0.3945.117 Safari/537.36"
::1 - - [17/Jan/2020:10:54:24 +0000] "GET /api/v1.0/users/5e0fb0435e40de3a5c2bee45/avatar HTTP/1.1" 404 264 "-" "PostmanRuntime/7.22.0"
::1 - - [17/Jan/2020:10:54:32 +0000] "GET /api/v1.0/users/5e0fb0435e40de3a5c2bee45/avatar HTTP/1.1" 404 264 "-" "Mozilla/5.0 (Windows NT 10.0; Win64; x64) AppleWebKit/537.36 (KHTML, like Gecko) Chrome/79.0.3945.117 Safari/537.36"
::1 - - [17/Jan/2020:11:06:14 +0000] "POST /api/v1.0/users/5e0fb0435e40de3a5c2bee45/avatar HTTP/1.1" 404 43 "-" "PostmanRuntime/7.22.0"
::1 - - [17/Jan/2020:11:06:46 +0000] "POST /api/v1.0/users/5e0fb0435e40de3a5c2bee45/avatar HTTP/1.1" 500 293 "-" "PostmanRuntime/7.22.0"
::1 - - [17/Jan/2020:11:10:57 +0000] "POST /api/v1.0/users/5e0fb0435e40de3a5c2bee45/avatar HTTP/1.1" 500 293 "-" "PostmanRuntime/7.22.0"
::1 - - [17/Jan/2020:11:11:57 +0000] "POST /api/v1.0/users/5e0fb0435e40de3a5c2bee45/avatar HTTP/1.1" 500 293 "-" "PostmanRuntime/7.22.0"
::1 - - [17/Jan/2020:11:12:22 +0000] "POST /api/v1.0/users/5e0fb0435e40de3a5c2bee45/avatar HTTP/1.1" 500 293 "-" "PostmanRuntime/7.22.0"
::1 - - [17/Jan/2020:11:15:34 +0000] "POST /api/v1.0/users/5e0fb0435e40de3a5c2bee45/avatar HTTP/1.1" 500 293 "-" "PostmanRuntime/7.22.0"
::1 - - [17/Jan/2020:11:17:43 +0000] "POST /api/v1.0/users/5e0fb0435e40de3a5c2bee45/avatar HTTP/1.1" 500 293 "-" "PostmanRuntime/7.22.0"
::1 - - [17/Jan/2020:11:17:46 +0000] "POST /api/v1.0/users/5e0fb0435e40de3a5c2bee45/avatar HTTP/1.1" 500 293 "-" "PostmanRuntime/7.22.0"
::1 - - [17/Jan/2020:11:22:21 +0000] "POST /api/v1.0/users/5e0fb0435e40de3a5c2bee45/avatar HTTP/1.1" 500 293 "-" "PostmanRuntime/7.22.0"
::1 - - [17/Jan/2020:11:22:21 +0000] "POST /api/v1.0/users/5e0fb0435e40de3a5c2bee45/avatar HTTP/1.1" 500 293 "-" "PostmanRuntime/7.22.0"
::1 - - [17/Jan/2020:11:22:22 +0000] "POST /api/v1.0/users/5e0fb0435e40de3a5c2bee45/avatar HTTP/1.1" 500 293 "-" "PostmanRuntime/7.22.0"
::1 - - [17/Jan/2020:11:27:12 +0000] "GET /api/v1.0/users/5e0fb0435e40de3a5c2bee45/avatar HTTP/1.1" 404 268 "-" "Mozilla/5.0 (Windows NT 10.0; Win64; x64) AppleWebKit/537.36 (KHTML, like Gecko) Chrome/79.0.3945.117 Safari/537.36"
::1 - - [17/Jan/2020:11:27:58 +0000] "GET /api/v1.0/users/5e0fb0435e40de3a5c2bee45/avatar HTTP/1.1" 404 268 "-" "PostmanRuntime/7.22.0"
::1 - - [17/Jan/2020:11:28:02 +0000] "POST /api/v1.0/users/5e0fb0435e40de3a5c2bee45/avatar HTTP/1.1" 500 293 "-" "PostmanRuntime/7.22.0"
::1 - - [17/Jan/2020:11:34:21 +0000] "GET /api/v1.0/users/5e0fb0435e40de3a5c2bee45/avatar HTTP/1.1" 404 268 "-" "PostmanRuntime/7.22.0"
::1 - - [17/Jan/2020:11:38:07 +0000] "GET /api/v1.0/users/5e0fb0435e40de3a5c2bee45/avatar HTTP/1.1" 404 289 "-" "PostmanRuntime/7.22.0"
::1 - - [17/Jan/2020:11:38:22 +0000] "GET /api/v1.0/users/5e0fb0435e40de3a5c2bee45/avatar HTTP/1.1" 404 291 "-" "PostmanRuntime/7.22.0"
::1 - - [17/Jan/2020:11:48:36 +0000] "GET /api/v1.0/users/5e0fb0435e40de3a5c2bee45/avatar HTTP/1.1" 404 294 "-" "PostmanRuntime/7.22.0"
::1 - - [17/Jan/2020:11:50:39 +0000] "GET /api/v1.0/users/5e0fb0435e40de3a5c2bee45/avatar HTTP/1.1" 404 329 "-" "PostmanRuntime/7.22.0"
::1 - - [17/Jan/2020:17:28:01 +0000] "GET / HTTP/1.1" 404 139 "-" "Mozilla/5.0 (Windows NT 10.0; Win64; x64) AppleWebKit/537.36 (KHTML, like Gecko) Chrome/79.0.3945.117 Safari/537.36"
::1 - - [17/Jan/2020:17:57:49 +0000] "GET /favicon.ico HTTP/1.1" 404 150 "http://localhost:3000/api/v1.0/users/5e0fb0435e40de3a5c2bee45/useravatar" "Mozilla/5.0 (Windows NT 10.0; Win64; x64) AppleWebKit/537.36 (KHTML, like Gecko) Chrome/79.0.3945.117 Safari/537.36"
::1 - - [17/Jan/2020:17:59:05 +0000] "GET /api/v1.0/users/5e0fb0435e40de3a5c2bee45/uploads/5e0fb0435e40de3a5c2bee45/5e0fb0435e40de3a5c2bee45_avatar.png HTTP/1.1" 404 43 "http://localhost:3000/api/v1.0/users/5e0fb0435e40de3a5c2bee45/useravatar" "Mozilla/5.0 (Windows NT 10.0; Win64; x64) AppleWebKit/537.36 (KHTML, like Gecko) Chrome/79.0.3945.117 Safari/537.36"
::1 - - [17/Jan/2020:17:59:05 +0000] "GET /api/v1.0/users/5e0fb0435e40de3a5c2bee45/uploads/5e0fb0435e40de3a5c2bee45/5e0fb0435e40de3a5c2bee45_avatar.png HTTP/1.1" 404 43 "http://localhost:3000/api/v1.0/users/5e0fb0435e40de3a5c2bee45/useravatar" "Mozilla/5.0 (Windows NT 10.0; Win64; x64) AppleWebKit/537.36 (KHTML, like Gecko) Chrome/79.0.3945.117 Safari/537.36"
::1 - - [17/Jan/2020:17:59:06 +0000] "GET /api/v1.0/users/5e0fb0435e40de3a5c2bee45/uploads/5e0fb0435e40de3a5c2bee45/5e0fb0435e40de3a5c2bee45_avatar.png HTTP/1.1" 404 43 "http://localhost:3000/api/v1.0/users/5e0fb0435e40de3a5c2bee45/useravatar" "Mozilla/5.0 (Windows NT 10.0; Win64; x64) AppleWebKit/537.36 (KHTML, like Gecko) Chrome/79.0.3945.117 Safari/537.36"
::1 - - [17/Jan/2020:17:59:06 +0000] "GET /api/v1.0/users/5e0fb0435e40de3a5c2bee45/uploads/5e0fb0435e40de3a5c2bee45/5e0fb0435e40de3a5c2bee45_avatar.png HTTP/1.1" 404 43 "http://localhost:3000/api/v1.0/users/5e0fb0435e40de3a5c2bee45/useravatar" "Mozilla/5.0 (Windows NT 10.0; Win64; x64) AppleWebKit/537.36 (KHTML, like Gecko) Chrome/79.0.3945.117 Safari/537.36"
::1 - - [17/Jan/2020:18:00:45 +0000] "GET /api/v1.0/users/uploads/5e0fb0435e40de3a5c2bee45/5e0fb0435e40de3a5c2bee45_avatar.png HTTP/1.1" 404 43 "-" "Mozilla/5.0 (Windows NT 10.0; Win64; x64) AppleWebKit/537.36 (KHTML, like Gecko) Chrome/79.0.3945.117 Safari/537.36"
::1 - - [17/Jan/2020:18:03:40 +0000] "GET /api/v1.0/users/5e0fb0435e40de3a5c2bee45/uploads/5e0fb0435e40de3a5c2bee45/5e0fb0435e40de3a5c2bee45_avatar.png HTTP/1.1" 404 43 "http://localhost:3000/api/v1.0/users/5e0fb0435e40de3a5c2bee45/useravatar" "Mozilla/5.0 (Windows NT 10.0; Win64; x64) AppleWebKit/537.36 (KHTML, like Gecko) Chrome/79.0.3945.117 Safari/537.36"
::1 - - [17/Jan/2020:18:03:41 +0000] "GET /api/v1.0/users/5e0fb0435e40de3a5c2bee45/uploads/5e0fb0435e40de3a5c2bee45/5e0fb0435e40de3a5c2bee45_avatar.png HTTP/1.1" 404 43 "http://localhost:3000/api/v1.0/users/5e0fb0435e40de3a5c2bee45/useravatar" "Mozilla/5.0 (Windows NT 10.0; Win64; x64) AppleWebKit/537.36 (KHTML, like Gecko) Chrome/79.0.3945.117 Safari/537.36"
::1 - - [17/Jan/2020:18:03:41 +0000] "GET /api/v1.0/users/5e0fb0435e40de3a5c2bee45/uploads/5e0fb0435e40de3a5c2bee45/5e0fb0435e40de3a5c2bee45_avatar.png HTTP/1.1" 404 43 "http://localhost:3000/api/v1.0/users/5e0fb0435e40de3a5c2bee45/useravatar" "Mozilla/5.0 (Windows NT 10.0; Win64; x64) AppleWebKit/537.36 (KHTML, like Gecko) Chrome/79.0.3945.117 Safari/537.36"
::1 - - [17/Jan/2020:18:04:14 +0000] "GET /api/v1.0/users/5e0fb0435e40de3a5c2bee45/useravataruploads/5e0fb0435e40de3a5c2bee45/5e0fb0435e40de3a5c2bee45_avatar.png HTTP/1.1" 404 43 "-" "Mozilla/5.0 (Windows NT 10.0; Win64; x64) AppleWebKit/537.36 (KHTML, like Gecko) Chrome/79.0.3945.117 Safari/537.36"
::1 - - [17/Jan/2020:18:06:20 +0000] "GET /uploads/5e0fb0435e40de3a5c2bee45/5e0fb0435e40de3a5c2bee45_avatar.png HTTP/1.1" 404 207 "-" "Mozilla/5.0 (Windows NT 10.0; Win64; x64) AppleWebKit/537.36 (KHTML, like Gecko) Chrome/79.0.3945.117 Safari/537.36"
::1 - - [17/Jan/2020:18:08:32 +0000] "GET /api/v1.0/users/5e0fb0435e40de3a5c2bee45/uploads/5e0fb0435e40de3a5c2bee45/5e0fb0435e40de3a5c2bee45_avatar.png HTTP/1.1" 404 43 "http://localhost:3000/api/v1.0/users/5e0fb0435e40de3a5c2bee45/useravatar" "Mozilla/5.0 (Windows NT 10.0; Win64; x64) AppleWebKit/537.36 (KHTML, like Gecko) Chrome/79.0.3945.117 Safari/537.36"
::1 - - [17/Jan/2020:18:08:36 +0000] "GET /about.html HTTP/1.1" 404 149 "-" "Mozilla/5.0 (Windows NT 10.0; Win64; x64) AppleWebKit/537.36 (KHTML, like Gecko) Chrome/79.0.3945.117 Safari/537.36"
::1 - - [17/Jan/2020:18:08:43 +0000] "GET /upload HTTP/1.1" 404 145 "-" "Mozilla/5.0 (Windows NT 10.0; Win64; x64) AppleWebKit/537.36 (KHTML, like Gecko) Chrome/79.0.3945.117 Safari/537.36"
::1 - - [17/Jan/2020:18:08:48 +0000] "GET /uploads/5e0fb0435e40de3a5c2bee45/5e0fb0435e40de3a5c2bee45_avatar.png HTTP/1.1" 404 207 "http://localhost:3000/upload.html" "Mozilla/5.0 (Windows NT 10.0; Win64; x64) AppleWebKit/537.36 (KHTML, like Gecko) Chrome/79.0.3945.117 Safari/537.36"
::1 - - [17/Jan/2020:18:09:15 +0000] "GET /uploads/5e0fb0435e40de3a5c2bee45/5e0fb0435e40de3a5c2bee45_avatar.png HTTP/1.1" 404 207 "http://localhost:3000/upload.html" "Mozilla/5.0 (Windows NT 10.0; Win64; x64) AppleWebKit/537.36 (KHTML, like Gecko) Chrome/79.0.3945.117 Safari/537.36"
::1 - - [17/Jan/2020:19:21:09 +0000] "GET /api/v1.0/users/5e0fb0435e40de3a5c2bee45/public/uploads/5e0fb0435e40de3a5c2bee45/5e0fb0435e40de3a5c2bee45_avatar.png HTTP/1.1" 404 43 "http://localhost:3000/api/v1.0/users/5e0fb0435e40de3a5c2bee45/useravatar" "Mozilla/5.0 (Windows NT 10.0; Win64; x64) AppleWebKit/537.36 (KHTML, like Gecko) Chrome/79.0.3945.117 Safari/537.36"
::1 - - [17/Jan/2020:19:24:58 +0000] "GET /public/uploads/5e0fb0435e40de3a5c2bee45/5e0fb0435e40de3a5c2bee45_avatar.png HTTP/1.1" 404 214 "-" "Mozilla/5.0 (Windows NT 10.0; Win64; x64) AppleWebKit/537.36 (KHTML, like Gecko) Chrome/79.0.3945.117 Safari/537.36"
::1 - - [17/Jan/2020:19:45:20 +0000] "GET /public/uploads/5e0fb0435e40de3a5c2bee45/5e0fb0435e40de3a5c2bee45_avatar.png HTTP/1.1" 404 214 "-" "Mozilla/5.0 (Windows NT 10.0; Win64; x64) AppleWebKit/537.36 (KHTML, like Gecko) Chrome/79.0.3945.117 Safari/537.36"
::1 - - [17/Jan/2020:19:46:30 +0000] "GET /public/uploads/5e0fb0435e40de3a5c2bee45/5e0fb0435e40de3a5c2bee45_avatar.png HTTP/1.1" 404 214 "-" "Mozilla/5.0 (Windows NT 10.0; Win64; x64) AppleWebKit/537.36 (KHTML, like Gecko) Chrome/79.0.3945.117 Safari/537.36"
::1 - - [17/Jan/2020:19:46:33 +0000] "GET /api/v1.0/users/5e0fb0435e40de3a5c2bee45/public/uploads/5e0fb0435e40de3a5c2bee45/5e0fb0435e40de3a5c2bee45_avatar.png HTTP/1.1" 404 43 "http://localhost:3000/api/v1.0/users/5e0fb0435e40de3a5c2bee45/useravatar" "Mozilla/5.0 (Windows NT 10.0; Win64; x64) AppleWebKit/537.36 (KHTML, like Gecko) Chrome/79.0.3945.117 Safari/537.36"
::1 - - [17/Jan/2020:19:46:42 +0000] "GET /public/uploads/5e0fb0435e40de3a5c2bee45/5e0fb0435e40de3a5c2bee45_avatar.png HTTP/1.1" 404 214 "-" "Mozilla/5.0 (Windows NT 10.0; Win64; x64) AppleWebKit/537.36 (KHTML, like Gecko) Chrome/79.0.3945.117 Safari/537.36"
::1 - - [17/Jan/2020:19:46:51 +0000] "GET /api/v1.0/users/public/uploads/5e0fb0435e40de3a5c2bee45/5e0fb0435e40de3a5c2bee45_avatar.png HTTP/1.1" 404 43 "-" "Mozilla/5.0 (Windows NT 10.0; Win64; x64) AppleWebKit/537.36 (KHTML, like Gecko) Chrome/79.0.3945.117 Safari/537.36"
::1 - - [17/Jan/2020:19:47:03 +0000] "GET /upload.html HTTP/1.1" 404 150 "-" "Mozilla/5.0 (Windows NT 10.0; Win64; x64) AppleWebKit/537.36 (KHTML, like Gecko) Chrome/79.0.3945.117 Safari/537.36"
::1 - - [17/Jan/2020:19:47:44 +0000] "GET /uploads/ HTTP/1.1" 404 147 "-" "Mozilla/5.0 (Windows NT 10.0; Win64; x64) AppleWebKit/537.36 (KHTML, like Gecko) Chrome/79.0.3945.117 Safari/537.36"
::1 - - [17/Jan/2020:19:49:01 +0000] "GET /api/v1.0/users/5e0fb0435e40de3a5c2bee45/uploads/5e0fb0435e40de3a5c2bee45/5e0fb0435e40de3a5c2bee45_avatar.png HTTP/1.1" 404 43 "http://localhost:3000/api/v1.0/users/5e0fb0435e40de3a5c2bee45/useravatar" "Mozilla/5.0 (Windows NT 10.0; Win64; x64) AppleWebKit/537.36 (KHTML, like Gecko) Chrome/79.0.3945.117 Safari/537.36"
::1 - - [17/Jan/2020:19:49:01 +0000] "GET /api/v1.0/users/5e0fb0435e40de3a5c2bee45/uploads/5e0fb0435e40de3a5c2bee45/5e0fb0435e40de3a5c2bee45_avatar.png HTTP/1.1" 404 43 "http://localhost:3000/api/v1.0/users/5e0fb0435e40de3a5c2bee45/useravatar" "Mozilla/5.0 (Windows NT 10.0; Win64; x64) AppleWebKit/537.36 (KHTML, like Gecko) Chrome/79.0.3945.117 Safari/537.36"
::1 - - [17/Jan/2020:19:49:35 +0000] "GET /api/v1.0/users/5e0fb0435e40de3a5c2bee45/uploads/5e0fb0435e40de3a5c2bee45/5e0fb0435e40de3a5c2bee45_avatar.png HTTP/1.1" 404 43 "http://localhost:3000/api/v1.0/users/5e0fb0435e40de3a5c2bee45/useravatar" "Mozilla/5.0 (Windows NT 10.0; Win64; x64) AppleWebKit/537.36 (KHTML, like Gecko) Chrome/79.0.3945.117 Safari/537.36"
::1 - - [17/Jan/2020:19:49:36 +0000] "GET /api/v1.0/users/5e0fb0435e40de3a5c2bee45/uploads/5e0fb0435e40de3a5c2bee45/5e0fb0435e40de3a5c2bee45_avatar.png HTTP/1.1" 404 43 "http://localhost:3000/api/v1.0/users/5e0fb0435e40de3a5c2bee45/useravatar" "Mozilla/5.0 (Windows NT 10.0; Win64; x64) AppleWebKit/537.36 (KHTML, like Gecko) Chrome/79.0.3945.117 Safari/537.36"
::1 - - [17/Jan/2020:19:49:36 +0000] "GET /api/v1.0/users/5e0fb0435e40de3a5c2bee45/uploads/5e0fb0435e40de3a5c2bee45/5e0fb0435e40de3a5c2bee45_avatar.png HTTP/1.1" 404 43 "http://localhost:3000/api/v1.0/users/5e0fb0435e40de3a5c2bee45/useravatar" "Mozilla/5.0 (Windows NT 10.0; Win64; x64) AppleWebKit/537.36 (KHTML, like Gecko) Chrome/79.0.3945.117 Safari/537.36"
::1 - - [17/Jan/2020:19:50:25 +0000] "GET /api/v1.0/users/5e0fb0435e40de3a5c2bee45/public/uploads/5e0fb0435e40de3a5c2bee45/5e0fb0435e40de3a5c2bee45_avatar.png HTTP/1.1" 404 43 "http://localhost:3000/api/v1.0/users/5e0fb0435e40de3a5c2bee45/useravatar" "Mozilla/5.0 (Windows NT 10.0; Win64; x64) AppleWebKit/537.36 (KHTML, like Gecko) Chrome/79.0.3945.117 Safari/537.36"
::1 - - [17/Jan/2020:19:50:25 +0000] "GET /api/v1.0/users/5e0fb0435e40de3a5c2bee45/public/uploads/5e0fb0435e40de3a5c2bee45/5e0fb0435e40de3a5c2bee45_avatar.png HTTP/1.1" 404 43 "http://localhost:3000/api/v1.0/users/5e0fb0435e40de3a5c2bee45/useravatar" "Mozilla/5.0 (Windows NT 10.0; Win64; x64) AppleWebKit/537.36 (KHTML, like Gecko) Chrome/79.0.3945.117 Safari/537.36"
::1 - - [17/Jan/2020:19:53:13 +0000] "GET /localhost:3000/uploads/5e0fb0435e40de3a5c2bee45/5e0fb0435e40de3a5c2bee45_avatar.png HTTP/1.1" 404 222 "http://localhost:3000/api/v1.0/users/5e0fb0435e40de3a5c2bee45/useravatar" "Mozilla/5.0 (Windows NT 10.0; Win64; x64) AppleWebKit/537.36 (KHTML, like Gecko) Chrome/79.0.3945.117 Safari/537.36"
::1 - - [17/Jan/2020:19:53:13 +0000] "GET /localhost:3000/uploads/5e0fb0435e40de3a5c2bee45/5e0fb0435e40de3a5c2bee45_avatar.png HTTP/1.1" 404 222 "http://localhost:3000/api/v1.0/users/5e0fb0435e40de3a5c2bee45/useravatar" "Mozilla/5.0 (Windows NT 10.0; Win64; x64) AppleWebKit/537.36 (KHTML, like Gecko) Chrome/79.0.3945.117 Safari/537.36"
::1 - - [17/Jan/2020:19:53:14 +0000] "GET /localhost:3000/uploads/5e0fb0435e40de3a5c2bee45/5e0fb0435e40de3a5c2bee45_avatar.png HTTP/1.1" 404 222 "http://localhost:3000/api/v1.0/users/5e0fb0435e40de3a5c2bee45/useravatar" "Mozilla/5.0 (Windows NT 10.0; Win64; x64) AppleWebKit/537.36 (KHTML, like Gecko) Chrome/79.0.3945.117 Safari/537.36"
::1 - - [17/Jan/2020:19:53:14 +0000] "GET /localhost:3000/uploads/5e0fb0435e40de3a5c2bee45/5e0fb0435e40de3a5c2bee45_avatar.png HTTP/1.1" 404 222 "http://localhost:3000/api/v1.0/users/5e0fb0435e40de3a5c2bee45/useravatar" "Mozilla/5.0 (Windows NT 10.0; Win64; x64) AppleWebKit/537.36 (KHTML, like Gecko) Chrome/79.0.3945.117 Safari/537.36"
::1 - - [17/Jan/2020:19:54:45 +0000] "GET /api/v1.0/users/5e0fb0435e40de3a5c2bee45/useravatar HTTP/1.1" 404 43 "-" "Mozilla/5.0 (Windows NT 10.0; Win64; x64) AppleWebKit/537.36 (KHTML, like Gecko) Chrome/79.0.3945.117 Safari/537.36"
::1 - - [17/Jan/2020:19:54:46 +0000] "GET /api/v1.0/users/5e0fb0435e40de3a5c2bee45/useravatar HTTP/1.1" 404 43 "-" "Mozilla/5.0 (Windows NT 10.0; Win64; x64) AppleWebKit/537.36 (KHTML, like Gecko) Chrome/79.0.3945.117 Safari/537.36"
::1 - - [17/Jan/2020:19:55:21 +0000] "GET /api/v1.0/users/5e0fb0435e40de3a5c2bee45/useravatar HTTP/1.1" 404 43 "-" "Mozilla/5.0 (Windows NT 10.0; Win64; x64) AppleWebKit/537.36 (KHTML, like Gecko) Chrome/79.0.3945.117 Safari/537.36"
::1 - - [17/Jan/2020:19:55:22 +0000] "GET /api/v1.0/users/5e0fb0435e40de3a5c2bee45/useravatar HTTP/1.1" 404 43 "-" "Mozilla/5.0 (Windows NT 10.0; Win64; x64) AppleWebKit/537.36 (KHTML, like Gecko) Chrome/79.0.3945.117 Safari/537.36"
::1 - - [17/Jan/2020:19:55:39 +0000] "GET /users/5e0fb0435e40de3a5c2bee45/uploads/5e0fb0435e40de3a5c2bee45/5e0fb0435e40de3a5c2bee45_avatar.png HTTP/1.1" 404 43 "http://localhost:3000/users/5e0fb0435e40de3a5c2bee45/useravatar" "Mozilla/5.0 (Windows NT 10.0; Win64; x64) AppleWebKit/537.36 (KHTML, like Gecko) Chrome/79.0.3945.117 Safari/537.36"
::1 - - [17/Jan/2020:19:56:27 +0000] "GET /users/5e0fb0435e40de3a5c2bee45/uploads/5e0fb0435e40de3a5c2bee45/5e0fb0435e40de3a5c2bee45_avatar.png HTTP/1.1" 404 43 "http://localhost:3000/users/5e0fb0435e40de3a5c2bee45/useravatar" "Mozilla/5.0 (Windows NT 10.0; Win64; x64) AppleWebKit/537.36 (KHTML, like Gecko) Chrome/79.0.3945.117 Safari/537.36"
::1 - - [17/Jan/2020:19:57:46 +0000] "GET /users/5e0fb0435e40de3a5c2bee45/useravatar HTTP/1.1" 404 43 "-" "Mozilla/5.0 (Windows NT 10.0; Win64; x64) AppleWebKit/537.36 (KHTML, like Gecko) Chrome/79.0.3945.117 Safari/537.36"
::1 - - [17/Jan/2020:19:57:50 +0000] "GET /5e0fb0435e40de3a5c2bee45/uploads/5e0fb0435e40de3a5c2bee45/5e0fb0435e40de3a5c2bee45_avatar.png HTTP/1.1" 404 43 "http://localhost:3000/5e0fb0435e40de3a5c2bee45/useravatar" "Mozilla/5.0 (Windows NT 10.0; Win64; x64) AppleWebKit/537.36 (KHTML, like Gecko) Chrome/79.0.3945.117 Safari/537.36"
::1 - - [17/Jan/2020:19:59:49 +0000] "GET /5e0fb0435e40de3a5c2bee45/useravatar HTTP/1.1" 404 174 "-" "Mozilla/5.0 (Windows NT 10.0; Win64; x64) AppleWebKit/537.36 (KHTML, like Gecko) Chrome/79.0.3945.117 Safari/537.36"
::1 - - [17/Jan/2020:19:59:50 +0000] "GET /5e0fb0435e40de3a5c2bee45/useravatar HTTP/1.1" 404 174 "-" "Mozilla/5.0 (Windows NT 10.0; Win64; x64) AppleWebKit/537.36 (KHTML, like Gecko) Chrome/79.0.3945.117 Safari/537.36"
::1 - - [18/Jan/2020:11:51:34 +0000] "GET / HTTP/1.1" 404 139 "-" "Mozilla/5.0 (Windows NT 10.0; Win64; x64) AppleWebKit/537.36 (KHTML, like Gecko) Chrome/79.0.3945.117 Safari/537.36"
::1 - - [18/Jan/2020:11:51:43 +0000] "GET /upload HTTP/1.1" 404 145 "-" "Mozilla/5.0 (Windows NT 10.0; Win64; x64) AppleWebKit/537.36 (KHTML, like Gecko) Chrome/79.0.3945.117 Safari/537.36"
::1 - - [18/Jan/2020:11:51:46 +0000] "GET /upload/ HTTP/1.1" 404 146 "-" "Mozilla/5.0 (Windows NT 10.0; Win64; x64) AppleWebKit/537.36 (KHTML, like Gecko) Chrome/79.0.3945.117 Safari/537.36"
::1 - - [18/Jan/2020:11:52:01 +0000] "GET /upload/5e0fb0435e40de3a5c2bee45/5e0fb0435e40de3a5c2bee45_avatar.png HTTP/1.1" 404 206 "-" "Mozilla/5.0 (Windows NT 10.0; Win64; x64) AppleWebKit/537.36 (KHTML, like Gecko) Chrome/79.0.3945.117 Safari/537.36"
::1 - - [18/Jan/2020:11:52:17 +0000] "GET /favicon.ico HTTP/1.1" 404 150 "http://localhost:3000/uploads/5e0fb0435e40de3a5c2bee45/5e0fb0435e40de3a5c2bee45_avatar.png" "Mozilla/5.0 (Windows NT 10.0; Win64; x64) AppleWebKit/537.36 (KHTML, like Gecko) Chrome/79.0.3945.117 Safari/537.36"
::1 - - [18/Jan/2020:11:52:21 +0000] "GET /uploads/5e0fb0435e40de3a5c2bee45/ HTTP/1.1" 404 172 "-" "Mozilla/5.0 (Windows NT 10.0; Win64; x64) AppleWebKit/537.36 (KHTML, like Gecko) Chrome/79.0.3945.117 Safari/537.36"
::1 - - [18/Jan/2020:11:57:23 +0000] "GET /api/v1.0/users/5e0fb0435e40de3a5c2bee45/public/uploads/5e0fb0435e40de3a5c2bee45/5e0fb0435e40de3a5c2bee45_avatar.png HTTP/1.1" 404 43 "http://localhost:3000/api/v1.0/users/5e0fb0435e40de3a5c2bee45/avatar" "Mozilla/5.0 (Windows NT 10.0; Win64; x64) AppleWebKit/537.36 (KHTML, like Gecko) Chrome/79.0.3945.117 Safari/537.36"
::1 - - [18/Jan/2020:11:57:49 +0000] "GET /api/v1.0/users/5e0fb0435e40de3a5c2bee45/public/uploads/5e0fb0435e40de3a5c2bee45/5e0fb0435e40de3a5c2bee45_avatar.png HTTP/1.1" 404 43 "http://localhost:3000/api/v1.0/users/5e0fb0435e40de3a5c2bee45/avatar" "Mozilla/5.0 (Windows NT 10.0; Win64; x64) AppleWebKit/537.36 (KHTML, like Gecko) Chrome/79.0.3945.117 Safari/537.36"
::1 - - [18/Jan/2020:11:59:40 +0000] "GET /api/v1.0/users/5e0fb0435e40de3a5c2bee45/avatar HTTP/1.1" 500 2139 "-" "Mozilla/5.0 (Windows NT 10.0; Win64; x64) AppleWebKit/537.36 (KHTML, like Gecko) Chrome/79.0.3945.117 Safari/537.36"
::1 - - [18/Jan/2020:11:59:41 +0000] "GET /api/v1.0/users/5e0fb0435e40de3a5c2bee45/avatar HTTP/1.1" 500 2139 "-" "Mozilla/5.0 (Windows NT 10.0; Win64; x64) AppleWebKit/537.36 (KHTML, like Gecko) Chrome/79.0.3945.117 Safari/537.36"
::1 - - [18/Jan/2020:12:27:56 +0000] "GET /public//uploads//5e0fb0435e40de3a5c2bee45//5e0fb0435e40de3a5c2bee45_avatar.png HTTP/1.1" 404 217 "-" "Mozilla/5.0 (Windows NT 10.0; Win64; x64) AppleWebKit/537.36 (KHTML, like Gecko) Chrome/79.0.3945.117 Safari/537.36"
::1 - - [18/Jan/2020:12:28:53 +0000] "GET /api/v1.0/users/5e0fb0435e40de3a5c2bee45/useravatarurl HTTP/1.1" 500 2143 "-" "PostmanRuntime/7.22.0"
::1 - - [18/Jan/2020:12:36:23 +0000] "GET //api/v1.0/users/5e0fb0435e40de3a5c2bee45/useravatarurl HTTP/1.1" 404 193 "-" "Mozilla/5.0 (Windows NT 10.0; Win64; x64) AppleWebKit/537.36 (KHTML, like Gecko) Chrome/79.0.3945.117 Safari/537.36"
::1 - - [18/Jan/2020:12:36:24 +0000] "GET //api/v1.0/users/5e0fb0435e40de3a5c2bee45/useravatarurl HTTP/1.1" 404 193 "-" "Mozilla/5.0 (Windows NT 10.0; Win64; x64) AppleWebKit/537.36 (KHTML, like Gecko) Chrome/79.0.3945.117 Safari/537.36"
::1 - - [18/Jan/2020:12:36:28 +0000] "GET //api/v1.0/users/5e0fb0435e40de3a5c2bee45/useravatarurl HTTP/1.1" 404 193 "-" "Mozilla/5.0 (Windows NT 10.0; Win64; x64) AppleWebKit/537.36 (KHTML, like Gecko) Chrome/79.0.3945.117 Safari/537.36"
::1 - - [19/Jan/2020:20:04:07 +0000] "POST /api/v1.0/users/5e0fb0435e40de3a5c2bee45/avatar HTTP/1.1" 404 43 "-" "PostmanRuntime/7.22.0"
::1 - - [19/Jan/2020:20:11:47 +0000] "GET /favicon.ico HTTP/1.1" 404 150 "http://localhost:3000/api/v1.0/users/5e0fb0435e40de3a5c2bee45/useravatarurl" "Mozilla/5.0 (Windows NT 10.0; Win64; x64) AppleWebKit/537.36 (KHTML, like Gecko) Chrome/79.0.3945.117 Safari/537.36"
::1 - - [19/Jan/2020:20:23:15 +0000] "GET /api/v1.0/users/5e0fb0435e40de3a5c2bee45/avatar HTTP/1.1" 404 43 "-" "Mozilla/5.0 (Windows NT 10.0; Win64; x64) AppleWebKit/537.36 (KHTML, like Gecko) Chrome/79.0.3945.117 Safari/537.36"
::1 - - [19/Jan/2020:20:23:15 +0000] "GET /favicon.ico HTTP/1.1" 404 43 "http://localhost:3000/api/v1.0/users/5e0fb0435e40de3a5c2bee45/avatar" "Mozilla/5.0 (Windows NT 10.0; Win64; x64) AppleWebKit/537.36 (KHTML, like Gecko) Chrome/79.0.3945.117 Safari/537.36"
::1 - - [19/Jan/2020:20:26:47 +0000] "GET /api/v1.0/users/5e0fb0435e40de3a5c2bee45/avatarurl HTTP/1.1" 404 43 "-" "Mozilla/5.0 (Windows NT 10.0; Win64; x64) AppleWebKit/537.36 (KHTML, like Gecko) Chrome/79.0.3945.117 Safari/537.36"
::1 - - [19/Jan/2020:20:26:52 +0000] "GET /api/v1.0/users/5e0fb0435e40de3a5c2bee45/avatarurl HTTP/1.1" 404 43 "-" "Mozilla/5.0 (Windows NT 10.0; Win64; x64) AppleWebKit/537.36 (KHTML, like Gecko) Chrome/79.0.3945.117 Safari/537.36"
::1 - - [19/Jan/2020:20:26:54 +0000] "GET /api/v1.0/users/5e0fb0435e40de3a5c2bee45/avatarurl HTTP/1.1" 404 43 "-" "Mozilla/5.0 (Windows NT 10.0; Win64; x64) AppleWebKit/537.36 (KHTML, like Gecko) Chrome/79.0.3945.117 Safari/537.36"
::1 - - [19/Jan/2020:20:27:26 +0000] "GET /api/v1.0/users/5e0fb0435e40de3a5c2bee45/useravatarurl/uploads/5e0fb0435e40de3a5c2bee45/5e0fb0435e40de3a5c2bee45_avatar.png HTTP/1.1" 404 43 "-" "Mozilla/5.0 (Windows NT 10.0; Win64; x64) AppleWebKit/537.36 (KHTML, like Gecko) Chrome/79.0.3945.117 Safari/537.36"
::1 - - [19/Jan/2020:20:29:34 +0000] "GET /api/uploads/5e0fb0435e40de3a5c2bee45/5e0fb0435e40de3a5c2bee45_avatar.png HTTP/1.1" 404 211 "http://localhost:3000/api/v1.0/upload1.html" "Mozilla/5.0 (Windows NT 10.0; Win64; x64) AppleWebKit/537.36 (KHTML, like Gecko) Chrome/79.0.3945.117 Safari/537.36"
::1 - - [19/Jan/2020:20:29:41 +0000] "POST /upload HTTP/1.1" 404 146 "http://localhost:3000/api/v1.0/upload1.html" "Mozilla/5.0 (Windows NT 10.0; Win64; x64) AppleWebKit/537.36 (KHTML, like Gecko) Chrome/79.0.3945.117 Safari/537.36"
::1 - - [19/Jan/2020:20:29:46 +0000] "POST /upload HTTP/1.1" 404 146 "http://localhost:3000/api/v1.0/upload1.html" "Mozilla/5.0 (Windows NT 10.0; Win64; x64) AppleWebKit/537.36 (KHTML, like Gecko) Chrome/79.0.3945.117 Safari/537.36"
::1 - - [19/Jan/2020:20:29:55 +0000] "GET /upload1.html HTTP/1.1" 404 151 "-" "Mozilla/5.0 (Windows NT 10.0; Win64; x64) AppleWebKit/537.36 (KHTML, like Gecko) Chrome/79.0.3945.117 Safari/537.36"
::1 - - [19/Jan/2020:20:44:46 +0000] "GET /api/v1.0asd0435e40de3a5c2bee45/useravatarurl HTTP/1.1" 404 183 "-" "PostmanRuntime/7.22.0"
::1 - - [19/Jan/2020:20:46:10 +0000] "GET /api/v1.0asd0435e40de3a5c2bee45/useravatarurl HTTP/1.1" 404 183 "-" "PostmanRuntime/7.22.0"
::1 - - [21/Jan/2020:08:26:42 +0000] "POST /api/v1.0/products HTTP/1.1" 500 227 "-" "PostmanRuntime/7.22.0"
::1 - - [21/Jan/2020:08:27:51 +0000] "POST /api/v1.0/products HTTP/1.1" 500 227 "-" "PostmanRuntime/7.22.0"
::1 - - [21/Jan/2020:08:27:54 +0000] "POST /api/v1.0/products HTTP/1.1" 500 227 "-" "PostmanRuntime/7.22.0"
::1 - - [21/Jan/2020:08:28:49 +0000] "GET / HTTP/1.1" 404 139 "-" "Mozilla/5.0 (Windows NT 10.0; Win64; x64) AppleWebKit/537.36 (KHTML, like Gecko) Chrome/79.0.3945.117 Safari/537.36"
::1 - - [21/Jan/2020:08:29:04 +0000] "GET /favicon.ico HTTP/1.1" 404 150 "http://localhost:3000/api/v1.0/users/" "Mozilla/5.0 (Windows NT 10.0; Win64; x64) AppleWebKit/537.36 (KHTML, like Gecko) Chrome/79.0.3945.117 Safari/537.36"
::1 - - [21/Jan/2020:08:29:30 +0000] "POST /api/v1.0/products HTTP/1.1" 500 227 "-" "PostmanRuntime/7.22.0"
::1 - - [21/Jan/2020:08:34:50 +0000] "POST /api/v1.0/auth/registration HTTP/1.1" 401 41 "-" "PostmanRuntime/7.22.0"
::1 - - [21/Jan/2020:12:21:10 +0000] "POST /api/v1.0/auth/registration HTTP/1.1" 401 41 "-" "PostmanRuntime/7.22.0"
::1 - - [21/Jan/2020:13:36:25 +0000] "POST /api/v1.0/auth/registration HTTP/1.1" 401 41 "-" "PostmanRuntime/7.22.0"
::1 - - [21/Jan/2020:14:25:08 +0000] "POST /api/v1.0/groups HTTP/1.1" 500 210 "-" "PostmanRuntime/7.22.0"
::1 - - [21/Jan/2020:14:27:22 +0000] "POST /api/v1.0/groups HTTP/1.1" 500 210 "-" "PostmanRuntime/7.22.0"
::1 - - [21/Jan/2020:14:27:55 +0000] "POST /api/v1.0/groups HTTP/1.1" 500 210 "-" "PostmanRuntime/7.22.0"
::1 - - [21/Jan/2020:14:30:40 +0000] "POST /api/v1.0/groups HTTP/1.1" 401 39 "-" "PostmanRuntime/7.22.0"
::1 - - [21/Jan/2020:14:30:59 +0000] "POST /api/v1.0/groups HTTP/1.1" 401 39 "-" "PostmanRuntime/7.22.0"
::1 - - [22/Jan/2020:18:02:19 +0000] "POST /api/v1.0/groups HTTP/1.1" 500 321 "-" "PostmanRuntime/7.22.0"
::1 - - [22/Jan/2020:18:03:42 +0000] "POST /api/v1.0/groups HTTP/1.1" 500 67 "-" "PostmanRuntime/7.22.0"
::1 - - [22/Jan/2020:18:26:47 +0000] "POST /api/v1.0/users/ HTTP/1.1" 404 43 "-" "PostmanRuntime/7.22.0"
::1 - - [22/Jan/2020:18:27:38 +0000] "POST /api/v1.0/users/ HTTP/1.1" 404 43 "-" "PostmanRuntime/7.22.0"
::1 - - [22/Jan/2020:18:55:21 +0000] "POST /api/v1.0/users/1 HTTP/1.1" 400 33 "-" "PostmanRuntime/7.22.0"
::1 - - [22/Jan/2020:19:02:08 +0000] "POST /api/v1.0/users/1 HTTP/1.1" 400 33 "-" "PostmanRuntime/7.22.0"
::1 - - [22/Jan/2020:19:03:43 +0000] "POST /api/v1.0/users/1 HTTP/1.1" 400 33 "-" "PostmanRuntime/7.22.0"
::1 - - [22/Jan/2020:19:03:53 +0000] "POST /api/v1.0/users/1 HTTP/1.1" 400 33 "-" "PostmanRuntime/7.22.0"
::1 - - [22/Jan/2020:19:09:18 +0000] "POST /api/v1.0/users/1 HTTP/1.1" 400 33 "-" "PostmanRuntime/7.22.0"
::1 - - [22/Jan/2020:19:18:59 +0000] "GET /api/v1.0/users/1 HTTP/1.1" 500 184 "-" "PostmanRuntime/7.22.0"
::1 - - [22/Jan/2020:19:27:56 +0000] "GET /api/v1.0/users/1/groups HTTP/1.1" 500 2 "-" "PostmanRuntime/7.22.0"
::1 - - [22/Jan/2020:19:33:23 +0000] "GET /api/v1.0/users/1/groups HTTP/1.1" 500 2 "-" "PostmanRuntime/7.22.0"
::1 - - [22/Jan/2020:19:33:39 +0000] "GET /api/v1.0/users/1/groups HTTP/1.1" 500 2 "-" "PostmanRuntime/7.22.0"
::1 - - [22/Jan/2020:19:33:54 +0000] "GET /api/v1.0/users/1/groups HTTP/1.1" 500 2 "-" "PostmanRuntime/7.22.0"
::1 - - [22/Jan/2020:19:36:32 +0000] "GET /api/v1.0/users/1/groups HTTP/1.1" 500 2 "-" "PostmanRuntime/7.22.0"
::1 - - [22/Jan/2020:19:37:27 +0000] "GET /api/v1.0/users/1/groups HTTP/1.1" 500 2 "-" "PostmanRuntime/7.22.0"
::1 - - [22/Jan/2020:19:45:56 +0000] "GET /api/v1.0/users/1/groups HTTP/1.1" 500 2 "-" "PostmanRuntime/7.22.0"
::1 - - [22/Jan/2020:19:47:31 +0000] "GET /api/v1.0/users/1/groups HTTP/1.1" 500 2 "-" "PostmanRuntime/7.22.0"
::1 - - [22/Jan/2020:19:47:52 +0000] "GET /api/v1.0/users/1/groups HTTP/1.1" 500 2 "-" "PostmanRuntime/7.22.0"
::1 - - [22/Jan/2020:19:49:27 +0000] "GET /api/v1.0/users/1/groups HTTP/1.1" 500 2 "-" "PostmanRuntime/7.22.0"
::1 - - [22/Jan/2020:19:49:39 +0000] "GET /api/v1.0/users/1/groups HTTP/1.1" 500 2 "-" "PostmanRuntime/7.22.0"
::1 - - [22/Jan/2020:19:50:05 +0000] "GET /api/v1.0/users/1/groups HTTP/1.1" 500 2 "-" "PostmanRuntime/7.22.0"
::1 - - [22/Jan/2020:19:50:45 +0000] "GET /api/v1.0/users/1/groups HTTP/1.1" 500 2 "-" "PostmanRuntime/7.22.0"
::1 - - [22/Jan/2020:19:50:55 +0000] "GET /api/v1.0/users/1/groups HTTP/1.1" 500 2 "-" "PostmanRuntime/7.22.0"
::1 - - [22/Jan/2020:19:52:01 +0000] "GET /api/v1.0/users/1/groups HTTP/1.1" 500 2 "-" "PostmanRuntime/7.22.0"
::1 - - [24/Jan/2020:18:14:47 +0000] "GET /api/v1.0/users/1/groups HTTP/1.1" 500 2 "-" "PostmanRuntime/7.22.0"
::1 - - [24/Jan/2020:18:19:43 +0000] "GET /api/v1.0/users/1/groups HTTP/1.1" 500 2 "-" "PostmanRuntime/7.22.0"
::1 - - [24/Jan/2020:18:20:17 +0000] "GET /api/v1.0/group HTTP/1.1" 404 43 "-" "PostmanRuntime/7.22.0"
::1 - - [24/Jan/2020:18:20:36 +0000] "GET /api/v1.0/group HTTP/1.1" 404 43 "-" "PostmanRuntime/7.22.0"
::1 - - [24/Jan/2020:19:49:02 +0000] "GET /api/v1.0/groups HTTP/1.1" 500 2 "-" "PostmanRuntime/7.22.0"
::1 - - [24/Jan/2020:19:55:18 +0000] "GET /api/v1.0/groups HTTP/1.1" 500 2 "-" "PostmanRuntime/7.22.0"
::1 - - [24/Jan/2020:19:55:55 +0000] "GET /api/v1.0/groups HTTP/1.1" 500 2 "-" "PostmanRuntime/7.22.0"
::1 - - [24/Jan/2020:19:56:33 +0000] "GET /api/v1.0/groups HTTP/1.1" 500 2 "-" "PostmanRuntime/7.22.0"
::1 - - [24/Jan/2020:19:57:18 +0000] "GET /api/v1.0/groups HTTP/1.1" 500 2 "-" "PostmanRuntime/7.22.0"
::1 - - [24/Jan/2020:19:58:14 +0000] "GET /api/v1.0/groups HTTP/1.1" 500 2 "-" "PostmanRuntime/7.22.0"
::1 - - [25/Jan/2020:14:08:29 +0000] "GET /api/v1.0/groups HTTP/1.1" 500 2 "-" "PostmanRuntime/7.22.0"
::1 - - [25/Jan/2020:14:09:36 +0000] "GET /api/v1.0/groups HTTP/1.1" 500 2 "-" "PostmanRuntime/7.22.0"
::1 - - [25/Jan/2020:14:12:19 +0000] "GET /api/v1.0/groups HTTP/1.1" 500 2 "-" "PostmanRuntime/7.22.0"
::1 - - [25/Jan/2020:14:12:36 +0000] "GET /api/v1.0/groups HTTP/1.1" 500 2 "-" "PostmanRuntime/7.22.0"
::1 - - [25/Jan/2020:14:14:13 +0000] "GET /api/v1.0/groups HTTP/1.1" 500 2 "-" "PostmanRuntime/7.22.0"
::1 - - [25/Jan/2020:14:14:40 +0000] "GET /api/v1.0/groups HTTP/1.1" 500 2 "-" "PostmanRuntime/7.22.0"
::1 - - [25/Jan/2020:14:15:09 +0000] "GET /api/v1.0/groups HTTP/1.1" 500 2 "-" "PostmanRuntime/7.22.0"
::1 - - [25/Jan/2020:14:17:57 +0000] "GET /api/v1.0/groups HTTP/1.1" 500 2 "-" "PostmanRuntime/7.22.0"
::1 - - [25/Jan/2020:14:18:25 +0000] "GET /api/v1.0/groups HTTP/1.1" 500 2 "-" "PostmanRuntime/7.22.0"
::1 - - [25/Jan/2020:14:19:05 +0000] "GET /api/v1.0/groups HTTP/1.1" 500 2 "-" "PostmanRuntime/7.22.0"
::1 - - [25/Jan/2020:14:19:30 +0000] "GET /api/v1.0/groups HTTP/1.1" 500 2 "-" "PostmanRuntime/7.22.0"
::1 - - [25/Jan/2020:14:52:43 +0000] "GET /api/v1.0/users/1 HTTP/1.1" 500 184 "-" "PostmanRuntime/7.22.0"
::1 - - [25/Jan/2020:15:56:33 +0000] "GET /api/v1.0/groups HTTP/1.1" 500 2 "-" "PostmanRuntime/7.22.0"
::1 - - [25/Jan/2020:15:56:34 +0000] "GET /api/v1.0/groups HTTP/1.1" 500 2 "-" "PostmanRuntime/7.22.0"
::1 - - [25/Jan/2020:15:57:03 +0000] "GET /api/v1.0/groups HTTP/1.1" 500 2 "-" "PostmanRuntime/7.22.0"
::1 - - [31/Jan/2020:18:00:55 +0000] "POST /api/v1.0/groups HTTP/1.1" 500 67 "-" "PostmanRuntime/7.22.0"
::1 - - [31/Jan/2020:19:18:07 +0000] "PUT /api/v1.0/groups HTTP/1.1" 404 43 "-" "PostmanRuntime/7.22.0"
::1 - - [31/Jan/2020:19:27:30 +0000] "POST /api/v1.0/groups HTTP/1.1" 500 96 "-" "PostmanRuntime/7.22.0"
::1 - - [31/Jan/2020:21:04:06 +0000] "POST /api/v1.0/words/5 HTTP/1.1" 404 43 "-" "PostmanRuntime/7.22.0"
::1 - - [01/Feb/2020:13:43:51 +0000] "GET /api/v1.0/users/3/groups HTTP/1.1" 500 2 "-" "PostmanRuntime/7.22.0"
::1 - - [02/Feb/2020:20:12:47 +0000] "POST /api/v1.0/users/1 HTTP/1.1" 400 33 "-" "PostmanRuntime/7.22.0"
::1 - - [02/Feb/2020:20:27:17 +0000] "POST /api/v1.0/users/1 HTTP/1.1" 400 33 "-" "PostmanRuntime/7.22.0"
::1 - - [02/Feb/2020:20:27:30 +0000] "GET /api/v1.0/users/3/groups HTTP/1.1" 500 2 "-" "PostmanRuntime/7.22.0"
::1 - - [02/Feb/2020:20:27:38 +0000] "GET /api/v1.0/users/4/groups HTTP/1.1" 500 2 "-" "PostmanRuntime/7.22.0"
::1 - - [04/Feb/2020:08:34:47 +0000] "GET /api/v1.0/users/ HTTP/1.1" 401 28 "-" "PostmanRuntime/7.22.0"
::1 - - [04/Feb/2020:09:20:37 +0000] "POST /api/v1.0/auth/signin HTTP/1.1" 401 34 "http://localhost:3001/no-referrer" "Mozilla/5.0 (Windows NT 10.0; Win64; x64) AppleWebKit/537.36 (KHTML, like Gecko) Chrome/79.0.3945.130 Safari/537.36"
::1 - - [04/Feb/2020:09:22:08 +0000] "POST /api/v1.0/auth/signin HTTP/1.1" 401 34 "http://localhost:3001/no-referrer" "Mozilla/5.0 (Windows NT 10.0; Win64; x64) AppleWebKit/537.36 (KHTML, like Gecko) Chrome/79.0.3945.130 Safari/537.36"
::1 - - [04/Feb/2020:11:04:23 +0000] "POST /api/v1.0/auth/signin HTTP/1.1" 401 34 "http://localhost:3001/no-referrer" "Mozilla/5.0 (Windows NT 10.0; Win64; x64) AppleWebKit/537.36 (KHTML, like Gecko) Chrome/79.0.3945.130 Safari/537.36"
::1 - - [04/Feb/2020:11:04:29 +0000] "POST /api/v1.0/auth/signin HTTP/1.1" 401 34 "http://localhost:3001/no-referrer" "Mozilla/5.0 (Windows NT 10.0; Win64; x64) AppleWebKit/537.36 (KHTML, like Gecko) Chrome/79.0.3945.130 Safari/537.36"
::1 - - [04/Feb/2020:11:04:34 +0000] "POST /api/v1.0/auth/signin HTTP/1.1" 401 34 "http://localhost:3001/no-referrer" "Mozilla/5.0 (Windows NT 10.0; Win64; x64) AppleWebKit/537.36 (KHTML, like Gecko) Chrome/79.0.3945.130 Safari/537.36"
::1 - - [04/Feb/2020:11:12:50 +0000] "POST /api/v1.0/auth/signin HTTP/1.1" 401 34 "http://localhost:3001/no-referrer" "Mozilla/5.0 (Windows NT 10.0; Win64; x64) AppleWebKit/537.36 (KHTML, like Gecko) Chrome/79.0.3945.130 Safari/537.36"
::1 - - [04/Feb/2020:11:19:08 +0000] "POST /api/v1.0/auth/signin HTTP/1.1" 401 34 "http://localhost:3001/no-referrer" "Mozilla/5.0 (Windows NT 10.0; Win64; x64) AppleWebKit/537.36 (KHTML, like Gecko) Chrome/79.0.3945.130 Safari/537.36"
::1 - - [04/Feb/2020:11:22:41 +0000] "POST /api/v1.0/auth/signin HTTP/1.1" 401 34 "http://localhost:3001/no-referrer" "Mozilla/5.0 (Windows NT 10.0; Win64; x64) AppleWebKit/537.36 (KHTML, like Gecko) Chrome/79.0.3945.130 Safari/537.36"
::1 - - [04/Feb/2020:11:22:44 +0000] "POST /api/v1.0/auth/signin HTTP/1.1" 401 34 "http://localhost:3001/no-referrer" "Mozilla/5.0 (Windows NT 10.0; Win64; x64) AppleWebKit/537.36 (KHTML, like Gecko) Chrome/79.0.3945.130 Safari/537.36"
::1 - - [04/Feb/2020:11:23:15 +0000] "POST /api/v1.0/auth/signin HTTP/1.1" 401 34 "http://localhost:3001/no-referrer" "Mozilla/5.0 (Windows NT 10.0; Win64; x64) AppleWebKit/537.36 (KHTML, like Gecko) Chrome/79.0.3945.130 Safari/537.36"
::1 - - [04/Feb/2020:11:23:56 +0000] "POST /api/v1.0/auth/signin HTTP/1.1" 401 34 "http://localhost:3001/no-referrer" "Mozilla/5.0 (Windows NT 10.0; Win64; x64) AppleWebKit/537.36 (KHTML, like Gecko) Chrome/79.0.3945.130 Safari/537.36"
::1 - - [04/Feb/2020:11:24:18 +0000] "POST /api/v1.0/auth/signin HTTP/1.1" 401 34 "http://localhost:3001/no-referrer" "Mozilla/5.0 (Windows NT 10.0; Win64; x64) AppleWebKit/537.36 (KHTML, like Gecko) Chrome/79.0.3945.130 Safari/537.36"
::1 - - [04/Feb/2020:11:24:59 +0000] "POST /api/v1.0/auth/signin HTTP/1.1" 401 34 "http://localhost:3001/no-referrer" "Mozilla/5.0 (Windows NT 10.0; Win64; x64) AppleWebKit/537.36 (KHTML, like Gecko) Chrome/79.0.3945.130 Safari/537.36"
::1 - - [04/Feb/2020:11:25:18 +0000] "POST /api/v1.0/auth/signin HTTP/1.1" 401 34 "http://localhost:3001/no-referrer" "Mozilla/5.0 (Windows NT 10.0; Win64; x64) AppleWebKit/537.36 (KHTML, like Gecko) Chrome/79.0.3945.130 Safari/537.36"
::1 - - [04/Feb/2020:11:25:22 +0000] "POST /api/v1.0/auth/signin HTTP/1.1" 401 34 "http://localhost:3001/no-referrer" "Mozilla/5.0 (Windows NT 10.0; Win64; x64) AppleWebKit/537.36 (KHTML, like Gecko) Chrome/79.0.3945.130 Safari/537.36"
::1 - - [04/Feb/2020:11:25:24 +0000] "POST /api/v1.0/auth/signin HTTP/1.1" 401 34 "http://localhost:3001/no-referrer" "Mozilla/5.0 (Windows NT 10.0; Win64; x64) AppleWebKit/537.36 (KHTML, like Gecko) Chrome/79.0.3945.130 Safari/537.36"
::1 - - [04/Feb/2020:11:25:28 +0000] "POST /api/v1.0/auth/signin HTTP/1.1" 401 34 "http://localhost:3001/no-referrer" "Mozilla/5.0 (Windows NT 10.0; Win64; x64) AppleWebKit/537.36 (KHTML, like Gecko) Chrome/79.0.3945.130 Safari/537.36"
::1 - - [04/Feb/2020:11:27:02 +0000] "POST /api/v1.0/auth/signin HTTP/1.1" 401 34 "http://localhost:3001/no-referrer" "Mozilla/5.0 (Windows NT 10.0; Win64; x64) AppleWebKit/537.36 (KHTML, like Gecko) Chrome/79.0.3945.130 Safari/537.36"
::1 - - [04/Feb/2020:11:39:55 +0000] "POST /api/v1.0/auth/signin HTTP/1.1" 401 34 "http://localhost:3001/no-referrer" "Mozilla/5.0 (Windows NT 10.0; Win64; x64) AppleWebKit/537.36 (KHTML, like Gecko) Chrome/79.0.3945.130 Safari/537.36"
::1 - - [04/Feb/2020:11:42:13 +0000] "POST /api/v1.0/auth/signin HTTP/1.1" 401 34 "http://localhost:3001/no-referrer" "Mozilla/5.0 (Windows NT 10.0; Win64; x64) AppleWebKit/537.36 (KHTML, like Gecko) Chrome/79.0.3945.130 Safari/537.36"
::1 - - [04/Feb/2020:11:48:01 +0000] "POST /api/v1.0/auth/signin HTTP/1.1" 401 34 "http://localhost:3001/no-referrer" "Mozilla/5.0 (Windows NT 10.0; Win64; x64) AppleWebKit/537.36 (KHTML, like Gecko) Chrome/79.0.3945.130 Safari/537.36"
::1 - - [04/Feb/2020:11:48:27 +0000] "POST /api/v1.0/auth/signin HTTP/1.1" 401 34 "http://localhost:3001/no-referrer" "Mozilla/5.0 (Windows NT 10.0; Win64; x64) AppleWebKit/537.36 (KHTML, like Gecko) Chrome/79.0.3945.130 Safari/537.36"
::1 - - [04/Feb/2020:11:49:44 +0000] "POST /api/v1.0/auth/signin HTTP/1.1" 401 34 "http://localhost:3001/no-referrer" "Mozilla/5.0 (Windows NT 10.0; Win64; x64) AppleWebKit/537.36 (KHTML, like Gecko) Chrome/79.0.3945.130 Safari/537.36"
::1 - - [04/Feb/2020:11:50:22 +0000] "POST /api/v1.0/auth/signin HTTP/1.1" 401 34 "http://localhost:3001/no-referrer" "Mozilla/5.0 (Windows NT 10.0; Win64; x64) AppleWebKit/537.36 (KHTML, like Gecko) Chrome/79.0.3945.130 Safari/537.36"
::1 - - [04/Feb/2020:11:50:40 +0000] "POST /api/v1.0/auth/signin HTTP/1.1" 401 34 "http://localhost:3001/no-referrer" "Mozilla/5.0 (Windows NT 10.0; Win64; x64) AppleWebKit/537.36 (KHTML, like Gecko) Chrome/79.0.3945.130 Safari/537.36"
::1 - - [04/Feb/2020:11:51:57 +0000] "POST /api/v1.0/auth/signin HTTP/1.1" 401 34 "http://localhost:3001/no-referrer" "Mozilla/5.0 (Windows NT 10.0; Win64; x64) AppleWebKit/537.36 (KHTML, like Gecko) Chrome/79.0.3945.130 Safari/537.36"
::1 - - [04/Feb/2020:11:52:12 +0000] "POST /api/v1.0/auth/signin HTTP/1.1" 401 34 "http://localhost:3001/no-referrer" "Mozilla/5.0 (Windows NT 10.0; Win64; x64) AppleWebKit/537.36 (KHTML, like Gecko) Chrome/79.0.3945.130 Safari/537.36"
::1 - - [04/Feb/2020:11:52:24 +0000] "POST /api/v1.0/auth/signin HTTP/1.1" 401 34 "http://localhost:3001/no-referrer" "Mozilla/5.0 (Windows NT 10.0; Win64; x64) AppleWebKit/537.36 (KHTML, like Gecko) Chrome/79.0.3945.130 Safari/537.36"
::1 - - [04/Feb/2020:11:52:55 +0000] "POST /api/v1.0/auth/signin HTTP/1.1" 401 34 "http://localhost:3001/no-referrer" "Mozilla/5.0 (Windows NT 10.0; Win64; x64) AppleWebKit/537.36 (KHTML, like Gecko) Chrome/79.0.3945.130 Safari/537.36"
::1 - - [04/Feb/2020:11:53:03 +0000] "POST /api/v1.0/auth/signin HTTP/1.1" 401 34 "http://localhost:3001/no-referrer" "Mozilla/5.0 (Windows NT 10.0; Win64; x64) AppleWebKit/537.36 (KHTML, like Gecko) Chrome/79.0.3945.130 Safari/537.36"
::1 - - [04/Feb/2020:11:53:20 +0000] "POST /api/v1.0/auth/signin HTTP/1.1" 401 34 "http://localhost:3001/no-referrer" "Mozilla/5.0 (Windows NT 10.0; Win64; x64) AppleWebKit/537.36 (KHTML, like Gecko) Chrome/79.0.3945.130 Safari/537.36"
::1 - - [04/Feb/2020:11:53:24 +0000] "POST /api/v1.0/auth/signin HTTP/1.1" 401 34 "http://localhost:3001/no-referrer" "Mozilla/5.0 (Windows NT 10.0; Win64; x64) AppleWebKit/537.36 (KHTML, like Gecko) Chrome/79.0.3945.130 Safari/537.36"
::1 - - [04/Feb/2020:11:53:26 +0000] "POST /api/v1.0/auth/signin HTTP/1.1" 401 34 "http://localhost:3001/no-referrer" "Mozilla/5.0 (Windows NT 10.0; Win64; x64) AppleWebKit/537.36 (KHTML, like Gecko) Chrome/79.0.3945.130 Safari/537.36"
::1 - - [04/Feb/2020:11:53:27 +0000] "POST /api/v1.0/auth/signin HTTP/1.1" 401 34 "http://localhost:3001/no-referrer" "Mozilla/5.0 (Windows NT 10.0; Win64; x64) AppleWebKit/537.36 (KHTML, like Gecko) Chrome/79.0.3945.130 Safari/537.36"
::1 - - [04/Feb/2020:11:53:28 +0000] "POST /api/v1.0/auth/signin HTTP/1.1" 401 34 "http://localhost:3001/no-referrer" "Mozilla/5.0 (Windows NT 10.0; Win64; x64) AppleWebKit/537.36 (KHTML, like Gecko) Chrome/79.0.3945.130 Safari/537.36"
::1 - - [04/Feb/2020:11:54:32 +0000] "POST /api/v1.0/auth/signin HTTP/1.1" 401 34 "http://localhost:3001/no-referrer" "Mozilla/5.0 (Windows NT 10.0; Win64; x64) AppleWebKit/537.36 (KHTML, like Gecko) Chrome/79.0.3945.130 Safari/537.36"
::1 - - [04/Feb/2020:11:54:34 +0000] "POST /api/v1.0/auth/signin HTTP/1.1" 401 34 "http://localhost:3001/no-referrer" "Mozilla/5.0 (Windows NT 10.0; Win64; x64) AppleWebKit/537.36 (KHTML, like Gecko) Chrome/79.0.3945.130 Safari/537.36"
::1 - - [04/Feb/2020:11:55:34 +0000] "POST /api/v1.0/auth/signin HTTP/1.1" 401 34 "http://localhost:3001/no-referrer" "Mozilla/5.0 (Windows NT 10.0; Win64; x64) AppleWebKit/537.36 (KHTML, like Gecko) Chrome/79.0.3945.130 Safari/537.36"
::1 - - [04/Feb/2020:11:55:41 +0000] "POST /api/v1.0/auth/signin HTTP/1.1" 401 34 "http://localhost:3001/no-referrer" "Mozilla/5.0 (Windows NT 10.0; Win64; x64) AppleWebKit/537.36 (KHTML, like Gecko) Chrome/79.0.3945.130 Safari/537.36"
::1 - - [04/Feb/2020:11:55:54 +0000] "POST /api/v1.0/auth/signin HTTP/1.1" 401 34 "http://localhost:3001/no-referrer" "Mozilla/5.0 (Windows NT 10.0; Win64; x64) AppleWebKit/537.36 (KHTML, like Gecko) Chrome/79.0.3945.130 Safari/537.36"
::1 - - [04/Feb/2020:17:58:28 +0000] "GET /api/v1.0/groups HTTP/1.1" 401 28 "-" "PostmanRuntime/7.22.0"
::1 - - [04/Feb/2020:18:01:00 +0000] "GET /api/v1.0/auth/signin HTTP/1.1" 404 43 "http://localhost:3001/no-referrer" "Mozilla/5.0 (Windows NT 10.0; Win64; x64) AppleWebKit/537.36 (KHTML, like Gecko) Chrome/79.0.3945.130 Safari/537.36"
::1 - - [04/Feb/2020:18:01:04 +0000] "GET /api/v1.0/auth/signin HTTP/1.1" 404 43 "http://localhost:3001/no-referrer" "Mozilla/5.0 (Windows NT 10.0; Win64; x64) AppleWebKit/537.36 (KHTML, like Gecko) Chrome/79.0.3945.130 Safari/537.36"
::1 - - [04/Feb/2020:18:01:32 +0000] "GET /api/v1.0/auth/signin HTTP/1.1" 404 43 "http://localhost:3001/no-referrer" "Mozilla/5.0 (Windows NT 10.0; Win64; x64) AppleWebKit/537.36 (KHTML, like Gecko) Chrome/79.0.3945.130 Safari/537.36"
::1 - - [04/Feb/2020:18:01:37 +0000] "GET /api/v1.0/auth/signin HTTP/1.1" 404 43 "http://localhost:3001/no-referrer" "Mozilla/5.0 (Windows NT 10.0; Win64; x64) AppleWebKit/537.36 (KHTML, like Gecko) Chrome/79.0.3945.130 Safari/537.36"
::1 - - [04/Feb/2020:18:01:41 +0000] "GET /api/v1.0/auth/signin HTTP/1.1" 404 43 "http://localhost:3001/no-referrer" "Mozilla/5.0 (Windows NT 10.0; Win64; x64) AppleWebKit/537.36 (KHTML, like Gecko) Chrome/79.0.3945.130 Safari/537.36"
::1 - - [04/Feb/2020:18:01:48 +0000] "GET /api/v1.0/auth/signin HTTP/1.1" 404 43 "http://localhost:3001/no-referrer" "Mozilla/5.0 (Windows NT 10.0; Win64; x64) AppleWebKit/537.36 (KHTML, like Gecko) Chrome/79.0.3945.130 Safari/537.36"
::1 - - [04/Feb/2020:18:01:57 +0000] "GET /api/v1.0/groups HTTP/1.1" 401 33 "http://localhost:3001/no-referrer" "Mozilla/5.0 (Windows NT 10.0; Win64; x64) AppleWebKit/537.36 (KHTML, like Gecko) Chrome/79.0.3945.130 Safari/537.36"
::1 - - [04/Feb/2020:18:02:01 +0000] "GET /api/v1.0/groups HTTP/1.1" 401 33 "http://localhost:3001/no-referrer" "Mozilla/5.0 (Windows NT 10.0; Win64; x64) AppleWebKit/537.36 (KHTML, like Gecko) Chrome/79.0.3945.130 Safari/537.36"
::1 - - [04/Feb/2020:18:02:23 +0000] "GET /api/v1.0/groups HTTP/1.1" 401 33 "http://localhost:3001/no-referrer" "Mozilla/5.0 (Windows NT 10.0; Win64; x64) AppleWebKit/537.36 (KHTML, like Gecko) Chrome/79.0.3945.130 Safari/537.36"
::1 - - [04/Feb/2020:18:03:09 +0000] "GET /api/v1.0/groups HTTP/1.1" 401 33 "http://localhost:3001/" "Mozilla/5.0 (Windows NT 10.0; Win64; x64) AppleWebKit/537.36 (KHTML, like Gecko) Chrome/79.0.3945.130 Safari/537.36"
::1 - - [04/Feb/2020:18:03:14 +0000] "GET /api/v1.0/groups HTTP/1.1" 401 33 "http://localhost:3001/" "Mozilla/5.0 (Windows NT 10.0; Win64; x64) AppleWebKit/537.36 (KHTML, like Gecko) Chrome/79.0.3945.130 Safari/537.36"
::1 - - [04/Feb/2020:18:03:16 +0000] "GET /api/v1.0/groups HTTP/1.1" 401 33 "http://localhost:3001/" "Mozilla/5.0 (Windows NT 10.0; Win64; x64) AppleWebKit/537.36 (KHTML, like Gecko) Chrome/79.0.3945.130 Safari/537.36"
::1 - - [04/Feb/2020:18:03:31 +0000] "GET /api/v1.0/groups HTTP/1.1" 401 33 "http://localhost:3001/" "Mozilla/5.0 (Windows NT 10.0; Win64; x64) AppleWebKit/537.36 (KHTML, like Gecko) Chrome/79.0.3945.130 Safari/537.36"
::1 - - [04/Feb/2020:18:03:51 +0000] "GET /api/v1.0/groups HTTP/1.1" 401 33 "http://localhost:3001/" "Mozilla/5.0 (Windows NT 10.0; Win64; x64) AppleWebKit/537.36 (KHTML, like Gecko) Chrome/79.0.3945.130 Safari/537.36"
::1 - - [04/Feb/2020:18:04:08 +0000] "GET /api/v1.0/groups HTTP/1.1" 401 33 "http://localhost:3001/" "Mozilla/5.0 (Windows NT 10.0; Win64; x64) AppleWebKit/537.36 (KHTML, like Gecko) Chrome/79.0.3945.130 Safari/537.36"
::1 - - [04/Feb/2020:18:04:09 +0000] "GET /api/v1.0/groups HTTP/1.1" 401 33 "http://localhost:3001/" "Mozilla/5.0 (Windows NT 10.0; Win64; x64) AppleWebKit/537.36 (KHTML, like Gecko) Chrome/79.0.3945.130 Safari/537.36"
::1 - - [04/Feb/2020:18:04:20 +0000] "GET /api/v1.0/groups HTTP/1.1" 401 33 "http://localhost:3001/" "Mozilla/5.0 (Windows NT 10.0; Win64; x64) AppleWebKit/537.36 (KHTML, like Gecko) Chrome/79.0.3945.130 Safari/537.36"
::1 - - [04/Feb/2020:18:04:26 +0000] "GET /api/v1.0/groups HTTP/1.1" 401 33 "http://localhost:3001/" "Mozilla/5.0 (Windows NT 10.0; Win64; x64) AppleWebKit/537.36 (KHTML, like Gecko) Chrome/79.0.3945.130 Safari/537.36"
::1 - - [04/Feb/2020:18:04:34 +0000] "GET /api/v1.0/groups HTTP/1.1" 401 33 "http://localhost:3001/" "Mozilla/5.0 (Windows NT 10.0; Win64; x64) AppleWebKit/537.36 (KHTML, like Gecko) Chrome/79.0.3945.130 Safari/537.36"
::1 - - [04/Feb/2020:18:05:25 +0000] "GET /api/v1.0/groups HTTP/1.1" 401 33 "http://localhost:3001/" "Mozilla/5.0 (Windows NT 10.0; Win64; x64) AppleWebKit/537.36 (KHTML, like Gecko) Chrome/79.0.3945.130 Safari/537.36"
::1 - - [04/Feb/2020:18:05:32 +0000] "GET /api/v1.0/groups HTTP/1.1" 401 33 "http://localhost:3001/" "Mozilla/5.0 (Windows NT 10.0; Win64; x64) AppleWebKit/537.36 (KHTML, like Gecko) Chrome/79.0.3945.130 Safari/537.36"
::1 - - [04/Feb/2020:18:05:35 +0000] "GET /api/v1.0/groups HTTP/1.1" 401 33 "http://localhost:3001/" "Mozilla/5.0 (Windows NT 10.0; Win64; x64) AppleWebKit/537.36 (KHTML, like Gecko) Chrome/79.0.3945.130 Safari/537.36"
::1 - - [04/Feb/2020:18:05:39 +0000] "GET /api/v1.0/groups HTTP/1.1" 401 33 "http://localhost:3001/" "Mozilla/5.0 (Windows NT 10.0; Win64; x64) AppleWebKit/537.36 (KHTML, like Gecko) Chrome/79.0.3945.130 Safari/537.36"
::1 - - [04/Feb/2020:18:05:43 +0000] "GET /api/v1.0/groups HTTP/1.1" 401 33 "http://localhost:3001/" "Mozilla/5.0 (Windows NT 10.0; Win64; x64) AppleWebKit/537.36 (KHTML, like Gecko) Chrome/79.0.3945.130 Safari/537.36"
::1 - - [04/Feb/2020:18:06:31 +0000] "GET /api/v1.0/groups HTTP/1.1" 401 33 "http://localhost:3001/" "Mozilla/5.0 (Windows NT 10.0; Win64; x64) AppleWebKit/537.36 (KHTML, like Gecko) Chrome/79.0.3945.130 Safari/537.36"
::1 - - [04/Feb/2020:18:07:22 +0000] "GET /api/v1.0/groups HTTP/1.1" 401 33 "http://localhost:3001/" "Mozilla/5.0 (Windows NT 10.0; Win64; x64) AppleWebKit/537.36 (KHTML, like Gecko) Chrome/79.0.3945.130 Safari/537.36"
::1 - - [04/Feb/2020:18:07:25 +0000] "GET /api/v1.0/groups HTTP/1.1" 401 33 "http://localhost:3001/" "Mozilla/5.0 (Windows NT 10.0; Win64; x64) AppleWebKit/537.36 (KHTML, like Gecko) Chrome/79.0.3945.130 Safari/537.36"
::1 - - [04/Feb/2020:18:09:11 +0000] "GET /api/v1.0/groups HTTP/1.1" 401 33 "http://localhost:3001/" "Mozilla/5.0 (Windows NT 10.0; Win64; x64) AppleWebKit/537.36 (KHTML, like Gecko) Chrome/79.0.3945.130 Safari/537.36"
::1 - - [04/Feb/2020:18:09:22 +0000] "GET /api/v1.0/groups HTTP/1.1" 401 33 "http://localhost:3001/" "Mozilla/5.0 (Windows NT 10.0; Win64; x64) AppleWebKit/537.36 (KHTML, like Gecko) Chrome/79.0.3945.130 Safari/537.36"
::1 - - [04/Feb/2020:18:11:12 +0000] "GET /api/v1.0/groups HTTP/1.1" 401 33 "http://localhost:3001/" "Mozilla/5.0 (Windows NT 10.0; Win64; x64) AppleWebKit/537.36 (KHTML, like Gecko) Chrome/79.0.3945.130 Safari/537.36"
::1 - - [04/Feb/2020:18:11:14 +0000] "GET /api/v1.0/groups HTTP/1.1" 401 33 "http://localhost:3001/" "Mozilla/5.0 (Windows NT 10.0; Win64; x64) AppleWebKit/537.36 (KHTML, like Gecko) Chrome/79.0.3945.130 Safari/537.36"
::1 - - [04/Feb/2020:18:11:18 +0000] "GET /api/v1.0/groups HTTP/1.1" 401 33 "http://localhost:3001/" "Mozilla/5.0 (Windows NT 10.0; Win64; x64) AppleWebKit/537.36 (KHTML, like Gecko) Chrome/79.0.3945.130 Safari/537.36"
::1 - - [04/Feb/2020:18:11:22 +0000] "GET /api/v1.0/groups HTTP/1.1" 401 33 "http://localhost:3001/" "Mozilla/5.0 (Windows NT 10.0; Win64; x64) AppleWebKit/537.36 (KHTML, like Gecko) Chrome/79.0.3945.130 Safari/537.36"
::1 - - [04/Feb/2020:18:11:40 +0000] "GET /api/v1.0/groups HTTP/1.1" 401 33 "http://localhost:3001/" "Mozilla/5.0 (Windows NT 10.0; Win64; x64) AppleWebKit/537.36 (KHTML, like Gecko) Chrome/79.0.3945.130 Safari/537.36"
::1 - - [04/Feb/2020:18:11:45 +0000] "GET /api/v1.0/groups HTTP/1.1" 401 33 "http://localhost:3001/" "Mozilla/5.0 (Windows NT 10.0; Win64; x64) AppleWebKit/537.36 (KHTML, like Gecko) Chrome/79.0.3945.130 Safari/537.36"
::1 - - [04/Feb/2020:18:11:50 +0000] "GET /api/v1.0/groups HTTP/1.1" 401 33 "http://localhost:3001/" "Mozilla/5.0 (Windows NT 10.0; Win64; x64) AppleWebKit/537.36 (KHTML, like Gecko) Chrome/79.0.3945.130 Safari/537.36"
::1 - - [04/Feb/2020:18:11:55 +0000] "GET /api/v1.0/groups HTTP/1.1" 401 33 "http://localhost:3001/" "Mozilla/5.0 (Windows NT 10.0; Win64; x64) AppleWebKit/537.36 (KHTML, like Gecko) Chrome/79.0.3945.130 Safari/537.36"
::1 - - [04/Feb/2020:18:12:25 +0000] "GET /api/v1.0/groups HTTP/1.1" 401 33 "http://localhost:3001/" "Mozilla/5.0 (Windows NT 10.0; Win64; x64) AppleWebKit/537.36 (KHTML, like Gecko) Chrome/79.0.3945.130 Safari/537.36"
::1 - - [04/Feb/2020:18:12:44 +0000] "GET /api/v1.0/groups HTTP/1.1" 401 33 "http://localhost:3001/" "Mozilla/5.0 (Windows NT 10.0; Win64; x64) AppleWebKit/537.36 (KHTML, like Gecko) Chrome/79.0.3945.130 Safari/537.36"
::1 - - [04/Feb/2020:18:21:21 +0000] "GET /api/v1.0/groups HTTP/1.1" 401 33 "http://localhost:3001/" "Mozilla/5.0 (Windows NT 10.0; Win64; x64) AppleWebKit/537.36 (KHTML, like Gecko) Chrome/79.0.3945.130 Safari/537.36"
::1 - - [04/Feb/2020:18:21:27 +0000] "GET /api/v1.0/groups HTTP/1.1" 401 33 "http://localhost:3001/" "Mozilla/5.0 (Windows NT 10.0; Win64; x64) AppleWebKit/537.36 (KHTML, like Gecko) Chrome/79.0.3945.130 Safari/537.36"
::1 - - [04/Feb/2020:18:21:45 +0000] "GET /api/v1.0/groups HTTP/1.1" 401 33 "http://localhost:3001/" "Mozilla/5.0 (Windows NT 10.0; Win64; x64) AppleWebKit/537.36 (KHTML, like Gecko) Chrome/79.0.3945.130 Safari/537.36"
::1 - - [04/Feb/2020:18:21:48 +0000] "GET /api/v1.0/groups HTTP/1.1" 401 33 "http://localhost:3001/" "Mozilla/5.0 (Windows NT 10.0; Win64; x64) AppleWebKit/537.36 (KHTML, like Gecko) Chrome/79.0.3945.130 Safari/537.36"
::1 - - [04/Feb/2020:19:23:59 +0000] "POST /api/v1.0/auth/signin HTTP/1.1" 401 34 "http://localhost:3001/sign-in" "Mozilla/5.0 (Windows NT 10.0; Win64; x64) AppleWebKit/537.36 (KHTML, like Gecko) Chrome/79.0.3945.130 Safari/537.36"
::1 - - [04/Feb/2020:19:24:07 +0000] "POST /api/v1.0/auth/signin HTTP/1.1" 401 34 "http://localhost:3001/sign-in" "Mozilla/5.0 (Windows NT 10.0; Win64; x64) AppleWebKit/537.36 (KHTML, like Gecko) Chrome/79.0.3945.130 Safari/537.36"
::1 - - [04/Feb/2020:19:24:10 +0000] "POST /api/v1.0/auth/signin HTTP/1.1" 401 34 "http://localhost:3001/sign-in" "Mozilla/5.0 (Windows NT 10.0; Win64; x64) AppleWebKit/537.36 (KHTML, like Gecko) Chrome/79.0.3945.130 Safari/537.36"
::1 - - [04/Feb/2020:19:24:18 +0000] "POST /api/v1.0/auth/signin HTTP/1.1" 401 34 "http://localhost:3001/sign-in" "Mozilla/5.0 (Windows NT 10.0; Win64; x64) AppleWebKit/537.36 (KHTML, like Gecko) Chrome/79.0.3945.130 Safari/537.36"
::1 - - [04/Feb/2020:19:58:02 +0000] "GET /api/v1.0/groups HTTP/1.1" 401 28 "http://localhost:3001/" "Mozilla/5.0 (Windows NT 10.0; Win64; x64) AppleWebKit/537.36 (KHTML, like Gecko) Chrome/79.0.3945.130 Safari/537.36"
::1 - - [05/Feb/2020:14:46:18 +0000] "POST /api/v1.0/auth/token-refresh-password HTTP/1.1" 401 49 "-" "PostmanRuntime/7.22.0"
::1 - - [05/Feb/2020:21:23:53 +0000] "GET /api/v1.0/users/ HTTP/1.1" 401 28 "-" "PostmanRuntime/7.22.0"
::1 - - [05/Feb/2020:21:41:03 +0000] "POST /api/v1.0/auth/signin HTTP/1.1" 401 34 "-" "PostmanRuntime/7.22.0"
::1 - - [05/Feb/2020:21:41:26 +0000] "POST /api/v1.0/auth/signin HTTP/1.1" 401 34 "-" "PostmanRuntime/7.22.0"
::1 - - [05/Feb/2020:21:44:17 +0000] "POST /api/v1.0/auth/signin HTTP/1.1" 401 34 "-" "PostmanRuntime/7.22.0"
::1 - - [05/Feb/2020:21:44:22 +0000] "POST /api/v1.0/auth/signin HTTP/1.1" 401 34 "-" "PostmanRuntime/7.22.0"
::1 - - [05/Feb/2020:21:44:25 +0000] "POST /api/v1.0/auth/signin HTTP/1.1" 401 34 "-" "PostmanRuntime/7.22.0"
::1 - - [06/Feb/2020:10:31:10 +0000] "POST /api/v1.0/auth/signin HTTP/1.1" 401 34 "http://localhost:3001/sign-in" "Mozilla/5.0 (Windows NT 10.0; Win64; x64) AppleWebKit/537.36 (KHTML, like Gecko) Chrome/79.0.3945.130 Safari/537.36"
::1 - - [06/Feb/2020:10:31:16 +0000] "POST /api/v1.0/auth/signin HTTP/1.1" 401 34 "http://localhost:3001/sign-in" "Mozilla/5.0 (Windows NT 10.0; Win64; x64) AppleWebKit/537.36 (KHTML, like Gecko) Chrome/79.0.3945.130 Safari/537.36"
::1 - - [06/Feb/2020:10:31:21 +0000] "POST /api/v1.0/auth/signin HTTP/1.1" 401 34 "http://localhost:3001/sign-in" "Mozilla/5.0 (Windows NT 10.0; Win64; x64) AppleWebKit/537.36 (KHTML, like Gecko) Chrome/79.0.3945.130 Safari/537.36"
::1 - - [06/Feb/2020:10:32:12 +0000] "POST /api/v1.0/auth/signin HTTP/1.1" 401 34 "http://localhost:3001/sign-in" "Mozilla/5.0 (Windows NT 10.0; Win64; x64) AppleWebKit/537.36 (KHTML, like Gecko) Chrome/79.0.3945.130 Safari/537.36"
::1 - - [06/Feb/2020:10:34:04 +0000] "POST /api/v1.0/auth/signin HTTP/1.1" 401 34 "-" "PostmanRuntime/7.22.0"
::1 - - [06/Feb/2020:10:37:25 +0000] "POST /api/v1.0/auth/signin HTTP/1.1" 401 34 "-" "PostmanRuntime/7.22.0"
::1 - - [06/Feb/2020:13:52:26 +0000] "POST /api/v1.0/auth/refresh-password/eyJhbGciOiJIUzI1NiIsInR5cCI6IkpXVCJ9.eyJ1c2VySWQiOiJhYnViYWtyZmF6aWxvdjk4QGdtYWlsLmNvbSIsInR5cGUiOiJhY2Nlc3MiLCJpYXQiOjE1ODA5ODUyMDgsImV4cCI6MTU4MTA3MTY2OH0.IcaGClEp1ClPxtbunZwHDjxjlyiefa-zQjTlpPL0YYk HTTP/1.1" 401 49 "-" "PostmanRuntime/7.22.0"
::1 - - [06/Feb/2020:13:53:49 +0000] "POST /api/v1.0/auth/refresh-password/eyJhbGciOiJIUzI1NiIsInR5cCI6IkpXVCJ9.eyJ1c2VySWQiOiJhYnViYWtyZmF6aWxvdjk4QGdtYWlsLmNvbSIsInR5cGUiOiJhY2Nlc3MiLCJpYXQiOjE1ODA5OTcwNzQsImV4cCI6MTU4MTA4MzUzNH0.7ZcDVzL8Yd5-vpqFWLc-N4zBKAukIEPOPgv7thInxeE HTTP/1.1" 401 49 "-" "PostmanRuntime/7.22.0"
::1 - - [06/Feb/2020:13:54:06 +0000] "POST /api/v1.0/auth/signin HTTP/1.1" 401 34 "http://localhost:3001/sign-in" "Mozilla/5.0 (Linux; Android 8.0.0; Pixel 2 XL Build/OPD1.170816.004) AppleWebKit/537.36 (KHTML, like Gecko) Chrome/79.0.3945.130 Mobile Safari/537.36"
::1 - - [06/Feb/2020:13:55:08 +0000] "POST /api/v1.0/auth/refresh-password/eyJhbGciOiJIUzI1NiIsInR5cCI6IkpXVCJ9.eyJ1c2VySWQiOiJhYnViYWtyZmF6aWxvdjk4QGdtYWlsLmNvbSIsInR5cGUiOiJhY2Nlc3MiLCJpYXQiOjE1ODA5OTcwNzQsImV4cCI6MTU4MTA4MzUzNH0.7ZcDVzL8Yd5-vpqFWLc-N4zBKAukIEPOPgv7thInxeE HTTP/1.1" 401 49 "-" "PostmanRuntime/7.22.0"
::1 - - [06/Feb/2020:13:55:13 +0000] "POST /api/v1.0/auth/refresh-password/eyJhbGciOiJIUzI1NiIsInR5cCI6IkpXVCJ9.eyJ1c2VySWQiOiJasdsdf324vfsd%20hYnViYWtyZmF6aWxvdjk4QGdtYWlsLmNvbSIsInR5cGUiOiJhY2Nlc3MiLCJpYXQiOjE1ODA5OTcwNzQsImV4cCI6MTU4MTA4MzUzNH0.7ZcDVzL8Yd5-vpqFWLc-N4zBKAukIEPOPgv7thInxeE HTTP/1.1" 401 49 "-" "PostmanRuntime/7.22.0"
::1 - - [06/Feb/2020:13:55:18 +0000] "POST /api/v1.0/auth/refresh-password/eyJhbG HTTP/1.1" 401 49 "-" "PostmanRuntime/7.22.0"
::1 - - [06/Feb/2020:13:55:41 +0000] "POST /api/v1.0/auth/refresh-password/eyJhbG HTTP/1.1" 401 28 "-" "PostmanRuntime/7.22.0"
::1 - - [06/Feb/2020:13:55:54 +0000] "POST /api/v1.0/auth/refresh-password/eyJhbG HTTP/1.1" 401 49 "-" "PostmanRuntime/7.22.0"
::1 - - [06/Feb/2020:13:56:16 +0000] "POST /api/v1.0/auth/refresh-password/eyJhbG HTTP/1.1" 401 28 "-" "PostmanRuntime/7.22.0"
::1 - - [06/Feb/2020:13:56:21 +0000] "POST /api/v1.0/auth/refresh-password/eyJhbGciOiJIUzI1NiIsInR5cCI6IkpXVCJ9.eyJ1c2VySWQiOiJasdsdf324vfsd%20hYnViYWtyZmF6aWxvdjk4QGdtYWlsLmNvbSIsInR5cGUiOiJhY2Nlc3MiLCJpYXQiOjE1ODA5OTcwNzQsImV4cCI6MTU4MTA4MzUzNH0.7ZcDVzL8Yd5-vpqFWLc-N4zBKAukIEPOPgv7thInxeE HTTP/1.1" 401 28 "-" "PostmanRuntime/7.22.0"
::1 - - [06/Feb/2020:13:56:22 +0000] "POST /api/v1.0/auth/refresh-password/eyJhbGciOiJIUzI1NiIsInR5cCI6IkpXVCJ9.eyJ1c2VySWQiOiJasdsdf324vfsd%20hYnViYWtyZmF6aWxvdjk4QGdtYWlsLmNvbSIsInR5cGUiOiJhY2Nlc3MiLCJpYXQiOjE1ODA5OTcwNzQsImV4cCI6MTU4MTA4MzUzNH0.7ZcDVzL8Yd5-vpqFWLc-N4zBKAukIEPOPgv7thInxeE HTTP/1.1" 401 28 "-" "PostmanRuntime/7.22.0"
::1 - - [06/Feb/2020:13:56:37 +0000] "POST /api/v1.0/auth/refresh-password/eyJhbGciOiJIUzI1NiIsInR5cCI6IkpXVCJ9.eyJ1c2VySWQiOiJhYnViYWtyZmF6aWxvdjk4QGdtYWlsLmNvbSIsInR5cGUiOiJhY2Nlc3MiLCJpYXQiOjE1ODA5OTcwNzQsImV4cCI6MTU4MTA4MzUzNH0.7ZcDVzL8Yd5-vpqFWLc-N4zBKAukIEPOPgv7thInxeE HTTP/1.1" 401 49 "-" "PostmanRuntime/7.22.0"
::1 - - [06/Feb/2020:13:57:42 +0000] "POST /api/v1.0/auth/refresh-password/eyJhbGciOiJIUzI1NiIsInR5cCI6IkpXVCJ9.eyJ1c2VySWQiOiJhYnViYWtyZmF6aWxvdjk4QGdtYWlsLmNvbSIsInR5cGUiOiJhY2Nlc3MiLCJpYXQiOjE1ODA5OTcwNzQsImV4cCI6MTU4MTA4MzUzNH0.7ZcDVzL8Yd5-vpqFWLc-N4zBKAukIEPOPgv7thInxeE HTTP/1.1" 401 135 "-" "PostmanRuntime/7.22.0"
